Using pre-set license
Built from '2020.2/release' branch; Version is '2020.2.2f1 (068178b99f32) revision 426360'; Using compiler version '192528614'; Build Type 'Release'
OS: 'Windows 10 Enterprise; OS build 18363.1500; Version 1909; 64bit' Language: 'en' Physical Memory: 16304 MB
BatchMode: 1, IsHumanControllingUs: 0, StartBugReporterOnCrash: 0, Is64bit: 1, IsPro: 0

 COMMAND LINE ARGUMENTS:
C:\Program Files\Unity\Hub\Editor\2020.2.2f1\Editor\Unity.exe
-adb2
-batchMode
-noUpm
-name
AssetImportWorker0
-projectPath
C:/Users/xavier.arias1/Desktop/Game-Systems-3D
-logFile
Logs/AssetImportWorker0.log
-srvPort
50535
Successfully changed project path to: C:/Users/xavier.arias1/Desktop/Game-Systems-3D
C:/Users/xavier.arias1/Desktop/Game-Systems-3D
Using Asset Import Pipeline V2.
Refreshing native plugins compatible for Editor in 32.40 ms, found 0 plugins.
Preloading 0 native plugins for Editor in 0.00 ms.
Initialize engine version: 2020.2.2f1 (068178b99f32)
[Subsystems] Discovering subsystems at path C:/Program Files/Unity/Hub/Editor/2020.2.2f1/Editor/Data/Resources/UnitySubsystems
[Subsystems] Discovering subsystems at path C:/Users/xavier.arias1/Desktop/Game-Systems-3D/Assets
GfxDevice: creating device client; threaded=0
Direct3D:
    Version:  Direct3D 11.0 [level 11.0]
    Renderer: NVIDIA Quadro K2200  (ID=0x13ba)
    Vendor:   
    VRAM:     4035 MB
    Driver:   10.18.13.5362
Initialize mono
Mono path[0] = 'C:/Program Files/Unity/Hub/Editor/2020.2.2f1/Editor/Data/Managed'
Mono path[1] = 'C:/Program Files/Unity/Hub/Editor/2020.2.2f1/Editor/Data/MonoBleedingEdge/lib/mono/unityjit'
Mono config path = 'C:/Program Files/Unity/Hub/Editor/2020.2.2f1/Editor/Data/MonoBleedingEdge/etc'
Using monoOptions --debugger-agent=transport=dt_socket,embedding=1,server=y,suspend=n,address=127.0.0.1:56316
Begin MonoManager ReloadAssembly
Registering precompiled unity dll's ...
Register platform support module: C:/Program Files/Unity/Hub/Editor/2020.2.2f1/Editor/Data/PlaybackEngines/WindowsStandaloneSupport/UnityEditor.WindowsStandalone.Extensions.dll
Registered in 0.001444 seconds.
Native extension for WindowsStandalone target not found
Refreshing native plugins compatible for Editor in 47.72 ms, found 0 plugins.
Preloading 0 native plugins for Editor in 0.00 ms.
Invoked RoslynAnalysisRunner static constructor.
RoslynAnalysisRunner will not be running.
RoslynAnalysisRunner has terminated.
Mono: successfully reloaded assembly
- Completed reload, in  1.449 seconds
Platform modules already initialized, skipping
Registering precompiled user dll's ...
Registered in 0.000696 seconds.
Begin MonoManager ReloadAssembly
Native extension for WindowsStandalone target not found
Refreshing native plugins compatible for Editor in 0.33 ms, found 0 plugins.
Preloading 0 native plugins for Editor in 0.00 ms.
Invoked RoslynAnalysisRunner static constructor.
RoslynAnalysisRunner will not be running.
RoslynAnalysisRunner has terminated.
Mono: successfully reloaded assembly
- Completed reload, in  1.449 seconds
Platform modules already initialized, skipping
========================================================================
Worker process is ready to serve import requests
Launched and connected shader compiler UnityShaderCompiler.exe after 0.07 seconds
Refreshing native plugins compatible for Editor in 0.36 ms, found 0 plugins.
Preloading 0 native plugins for Editor in 0.00 ms.
Unloading 1119 Unused Serialized files (Serialized files now loaded: 0)
System memory in use before: 70.4 MB.
System memory in use after: 70.5 MB.

Unloading 9 unused Assets to reduce memory usage. Loaded Objects now: 1576.
Total: 1.872000 ms (FindLiveObjects: 0.163700 ms CreateObjectMapping: 0.053900 ms MarkObjects: 1.558800 ms  DeleteObjects: 0.094000 ms)

========================================================================
Received Import Request.
  path: Assets/Scripts/LineOfDialouge.cs
  artifactKey: Guid(8e7378c8907912143b798b437f343458) Importer(815301076,1909f56bfc062723c751e8b465ee728b)
Start importing Assets/Scripts/LineOfDialouge.cs using Guid(8e7378c8907912143b798b437f343458) Importer(815301076,1909f56bfc062723c751e8b465ee728b)  -> (artifact id: 'def1dca4bc6900dafd884f0d6cbf95fc') in 0.031113 seconds
  Import took 0.035799 seconds .

========================================================================
Received Prepare
Registering precompiled user dll's ...
Registered in 0.000667 seconds.
Begin MonoManager ReloadAssembly
Native extension for WindowsStandalone target not found
Refreshing native plugins compatible for Editor in 0.19 ms, found 0 plugins.
Preloading 0 native plugins for Editor in 0.00 ms.
Invoked RoslynAnalysisRunner static constructor.
RoslynAnalysisRunner will not be running.
RoslynAnalysisRunner has terminated.
Mono: successfully reloaded assembly
- Completed reload, in  0.793 seconds
Platform modules already initialized, skipping
Refreshing native plugins compatible for Editor in 0.24 ms, found 0 plugins.
Preloading 0 native plugins for Editor in 0.00 ms.
Unloading 1100 Unused Serialized files (Serialized files now loaded: 0)
System memory in use before: 69.5 MB.
System memory in use after: 69.6 MB.

Unloading 4 unused Assets to reduce memory usage. Loaded Objects now: 1578.
Total: 1.567700 ms (FindLiveObjects: 0.136300 ms CreateObjectMapping: 0.026100 ms MarkObjects: 1.391700 ms  DeleteObjects: 0.012600 ms)

========================================================================
Received Import Request.
  Time since last request: 594.278616 seconds.
  path: Assets/Scripts/FactionsManager.cs
  artifactKey: Guid(54bccf38941f612488f92c579878d236) Importer(815301076,1909f56bfc062723c751e8b465ee728b)
Start importing Assets/Scripts/FactionsManager.cs using Guid(54bccf38941f612488f92c579878d236) Importer(815301076,1909f56bfc062723c751e8b465ee728b)  -> (artifact id: 'ca1025ad2b004cd2830b7ce4d084832a') in 0.013476 seconds
  Import took 0.016783 seconds .

========================================================================
Received Import Request.
  Time since last request: 647.085052 seconds.
  path: Assets/Materials/PikPng.com_omegalul-png_333927.mat
  artifactKey: Guid(e6f321b9eeeed1b448ab618f1aae46d4) Importer(815301076,1909f56bfc062723c751e8b465ee728b)
Start importing Assets/Materials/PikPng.com_omegalul-png_333927.mat using Guid(e6f321b9eeeed1b448ab618f1aae46d4) Importer(815301076,1909f56bfc062723c751e8b465ee728b)  -> (artifact id: 'c524286015686c4a52551c7abaede588') in 0.119637 seconds
  Import took 0.122382 seconds .

========================================================================
Received Import Request.
  Time since last request: 2.743343 seconds.
  path: Assets/Materials
  artifactKey: Guid(13de7340b0266854392505d4a74db9d2) Importer(815301076,1909f56bfc062723c751e8b465ee728b)
Start importing Assets/Materials using Guid(13de7340b0266854392505d4a74db9d2) Importer(815301076,1909f56bfc062723c751e8b465ee728b)  -> (artifact id: '79bb5f4e7caf778c5a33c11ecddc7a00') in 0.013038 seconds
  Import took 0.017765 seconds .

========================================================================
Received Import Request.
  Time since last request: 109.787088 seconds.
  path: Assets/Materials/grass_grass_0131_01.jpg
  artifactKey: Guid(cdf50d72b261ef846ae97fcc007d35e4) Importer(815301076,1909f56bfc062723c751e8b465ee728b)
Start importing Assets/Materials/grass_grass_0131_01.jpg using Guid(cdf50d72b261ef846ae97fcc007d35e4) Importer(815301076,1909f56bfc062723c751e8b465ee728b)  -> (artifact id: '35603d996ea725435d598c1badde2891') in 0.061898 seconds
  Import took 0.064605 seconds .

========================================================================
Received Import Request.
  Time since last request: 35.949255 seconds.
  path: Assets/Materials/Grass.mat
  artifactKey: Guid(b7232c16cebc4ac448ca7b917ec6583c) Importer(815301076,1909f56bfc062723c751e8b465ee728b)
Start importing Assets/Materials/Grass.mat using Guid(b7232c16cebc4ac448ca7b917ec6583c) Importer(815301076,1909f56bfc062723c751e8b465ee728b)  -> (artifact id: '9519e71ced20b64086fe850cdc290dba') in 0.016147 seconds
  Import took 0.021051 seconds .

========================================================================
Received Import Request.
  Time since last request: 103.541351 seconds.
  path: Assets/Materials/New Material.mat
  artifactKey: Guid(a43e856273e6ada4e8dc5320c63d2c5a) Importer(815301076,1909f56bfc062723c751e8b465ee728b)
Start importing Assets/Materials/New Material.mat using Guid(a43e856273e6ada4e8dc5320c63d2c5a) Importer(815301076,1909f56bfc062723c751e8b465ee728b)  -> (artifact id: '9d255f49cba52fd66d3ce7c617d4a35a') in 0.014414 seconds
  Import took 0.018756 seconds .

========================================================================
Received Import Request.
  Time since last request: 73.773787 seconds.
  path: Assets/TextMesh Pro/Sprites/EmojiOne.png
  artifactKey: Guid(dffef66376be4fa480fb02b19edbe903) Importer(815301076,1909f56bfc062723c751e8b465ee728b)
Start importing Assets/TextMesh Pro/Sprites/EmojiOne.png using Guid(dffef66376be4fa480fb02b19edbe903) Importer(815301076,1909f56bfc062723c751e8b465ee728b)  -> (artifact id: '72d1fdb3d292f9ae23ba2ef707e54711') in 0.019509 seconds
  Import took 0.022263 seconds .

========================================================================
Received Import Request.
  Time since last request: 0.000248 seconds.
  path: Assets/Textures/Grass_02_Nrm.png
  artifactKey: Guid(37154f1e4dee7204ab54ff48f1a3b531) Importer(815301076,1909f56bfc062723c751e8b465ee728b)
Start importing Assets/Textures/Grass_02_Nrm.png using Guid(37154f1e4dee7204ab54ff48f1a3b531) Importer(815301076,1909f56bfc062723c751e8b465ee728b)  -> (artifact id: 'c4b82ee4c83143bc119875393f65561e') in 0.027178 seconds
  Import took 0.029608 seconds .

========================================================================
Received Import Request.
  Time since last request: 0.000295 seconds.
  path: Assets/TextMesh Pro/Sprites/EmojiOne.png
  artifactKey: Guid(dffef66376be4fa480fb02b19edbe903) Importer(815301076,1909f56bfc062723c751e8b465ee728b)
Start importing Assets/TextMesh Pro/Sprites/EmojiOne.png using Guid(dffef66376be4fa480fb02b19edbe903) Importer(815301076,1909f56bfc062723c751e8b465ee728b)  -> (artifact id: '72d1fdb3d292f9ae23ba2ef707e54711') in 0.016434 seconds
  Import took 0.018664 seconds .

========================================================================
Received Import Request.
  Time since last request: 0.000217 seconds.
  path: Assets/Textures/Grass_02.png
  artifactKey: Guid(e14d9279de15422459112a5063680813) Importer(815301076,1909f56bfc062723c751e8b465ee728b)
Start importing Assets/Textures/Grass_02.png using Guid(e14d9279de15422459112a5063680813) Importer(815301076,1909f56bfc062723c751e8b465ee728b)  -> (artifact id: 'e3c4fd56bc72f1bb424c0e510b695d5a') in 0.025099 seconds
  Import took 0.028215 seconds .

========================================================================
Received Import Request.
  Time since last request: 0.000260 seconds.
  path: Assets/Textures/Grass_01_Nrm.png
  artifactKey: Guid(af67677404a91b74dae1e0a348a24939) Importer(815301076,1909f56bfc062723c751e8b465ee728b)
Start importing Assets/Textures/Grass_01_Nrm.png using Guid(af67677404a91b74dae1e0a348a24939) Importer(815301076,1909f56bfc062723c751e8b465ee728b)  -> (artifact id: '9835dbf35c8934a964205aa76e6c85cf') in 0.027595 seconds
  Import took 0.030197 seconds .

========================================================================
Received Import Request.
  Time since last request: 0.000226 seconds.
  path: Assets/Textures/Grass_01.png
  artifactKey: Guid(ddd3b9e5b0c6523429628478e213a8f6) Importer(815301076,1909f56bfc062723c751e8b465ee728b)
Start importing Assets/Textures/Grass_01.png using Guid(ddd3b9e5b0c6523429628478e213a8f6) Importer(815301076,1909f56bfc062723c751e8b465ee728b)  -> (artifact id: '0f41ab105b81237970adf9741273aa08') in 0.022988 seconds
  Import took 0.025429 seconds .

========================================================================
Received Import Request.
  Time since last request: 1.313916 seconds.
  path: Assets/Textures/Grass_03.png
  artifactKey: Guid(676c40d14013c1640861b12313b6ac8e) Importer(815301076,1909f56bfc062723c751e8b465ee728b)
Start importing Assets/Textures/Grass_03.png using Guid(676c40d14013c1640861b12313b6ac8e) Importer(815301076,1909f56bfc062723c751e8b465ee728b)  -> (artifact id: '5a204c5e5a66abbee8bb21ae6d4539f2') in 0.024424 seconds
  Import took 0.027541 seconds .

========================================================================
Received Import Request.
  Time since last request: 0.000194 seconds.
  path: Assets/Textures/Grass_04.png
  artifactKey: Guid(f8f9bc5afd6240347b431643a4d15a80) Importer(815301076,1909f56bfc062723c751e8b465ee728b)
Start importing Assets/Textures/Grass_04.png using Guid(f8f9bc5afd6240347b431643a4d15a80) Importer(815301076,1909f56bfc062723c751e8b465ee728b)  -> (artifact id: '6f0d14499e7467ffaad241e1cf844b68') in 0.030954 seconds
  Import took 0.033789 seconds .

========================================================================
Received Import Request.
  Time since last request: 0.000246 seconds.
  path: Assets/Textures/Grass_04_Nrm.png
  artifactKey: Guid(bad3a028f19ae7c4cbec21c40442bfc4) Importer(815301076,1909f56bfc062723c751e8b465ee728b)
Start importing Assets/Textures/Grass_04_Nrm.png using Guid(bad3a028f19ae7c4cbec21c40442bfc4) Importer(815301076,1909f56bfc062723c751e8b465ee728b)  -> (artifact id: 'a6ce51f9c725dc1019702de7797c1b64') in 0.025031 seconds
  Import took 0.027387 seconds .

========================================================================
Received Import Request.
  Time since last request: 0.000187 seconds.
  path: Assets/Textures/Grass_03_Nrm.png
  artifactKey: Guid(42e5b0404c97ad74aa226269bd8b1bbc) Importer(815301076,1909f56bfc062723c751e8b465ee728b)
Start importing Assets/Textures/Grass_03_Nrm.png using Guid(42e5b0404c97ad74aa226269bd8b1bbc) Importer(815301076,1909f56bfc062723c751e8b465ee728b)  -> (artifact id: 'afc99c5cc13e06096d57fa10898ef37f') in 0.029381 seconds
  Import took 0.032675 seconds .

========================================================================
Received Import Request.
  Time since last request: 0.000314 seconds.
  path: Assets/TextMesh Pro/Resources/Fonts & Materials/LiberationSans SDF - Fallback.asset
  artifactKey: Guid(2e498d1c8094910479dc3e1b768306a4) Importer(815301076,1909f56bfc062723c751e8b465ee728b)
Start importing Assets/TextMesh Pro/Resources/Fonts & Materials/LiberationSans SDF - Fallback.asset using Guid(2e498d1c8094910479dc3e1b768306a4) Importer(815301076,1909f56bfc062723c751e8b465ee728b)  -> (artifact id: '9cf95ca6761cc54e2ef53295e1381971') in 0.048594 seconds
  Import took 0.051789 seconds .

========================================================================
Received Import Request.
  Time since last request: 0.000213 seconds.
  path: Assets/TextMesh Pro/Resources/Fonts & Materials/LiberationSans SDF.asset
  artifactKey: Guid(8f586378b4e144a9851e7b34d9b748ee) Importer(815301076,1909f56bfc062723c751e8b465ee728b)
Start importing Assets/TextMesh Pro/Resources/Fonts & Materials/LiberationSans SDF.asset using Guid(8f586378b4e144a9851e7b34d9b748ee) Importer(815301076,1909f56bfc062723c751e8b465ee728b)  -> (artifact id: 'f0e93136860a214abc0faa3304291c7e') in 0.048718 seconds
  Import took 0.053081 seconds .

========================================================================
Received Prepare
Registering precompiled user dll's ...
Registered in 0.000814 seconds.
Begin MonoManager ReloadAssembly
Native extension for WindowsStandalone target not found
Refreshing native plugins compatible for Editor in 0.26 ms, found 0 plugins.
Preloading 0 native plugins for Editor in 0.00 ms.
Invoked RoslynAnalysisRunner static constructor.
RoslynAnalysisRunner will not be running.
RoslynAnalysisRunner has terminated.
Mono: successfully reloaded assembly
- Completed reload, in  0.949 seconds
Platform modules already initialized, skipping
Refreshing native plugins compatible for Editor in 0.19 ms, found 0 plugins.
Preloading 0 native plugins for Editor in 0.00 ms.
Unloading 1100 Unused Serialized files (Serialized files now loaded: 0)
System memory in use before: 73.5 MB.
System memory in use after: 73.6 MB.

Unloading 4 unused Assets to reduce memory usage. Loaded Objects now: 1624.
Total: 1.396600 ms (FindLiveObjects: 0.112000 ms CreateObjectMapping: 0.028900 ms MarkObjects: 1.244000 ms  DeleteObjects: 0.010900 ms)

========================================================================
Received Import Request.
  Time since last request: 803.873514 seconds.
  path: Assets/Scripts/DialougeManager.cs
  artifactKey: Guid(c4a8015f538837e4fa941f553f6bcd9d) Importer(815301076,1909f56bfc062723c751e8b465ee728b)
Start importing Assets/Scripts/DialougeManager.cs using Guid(c4a8015f538837e4fa941f553f6bcd9d) Importer(815301076,1909f56bfc062723c751e8b465ee728b)  -> (artifact id: '8c31140a7fe5ad00679481464a227837') in 0.010795 seconds
  Import took 0.013065 seconds .

========================================================================
Received Prepare
Registering precompiled user dll's ...
Registered in 0.000531 seconds.
Begin MonoManager ReloadAssembly
Native extension for WindowsStandalone target not found
Refreshing native plugins compatible for Editor in 0.19 ms, found 0 plugins.
Preloading 0 native plugins for Editor in 0.00 ms.
Invoked RoslynAnalysisRunner static constructor.
RoslynAnalysisRunner will not be running.
RoslynAnalysisRunner has terminated.
Mono: successfully reloaded assembly
- Completed reload, in  0.804 seconds
Platform modules already initialized, skipping
Refreshing native plugins compatible for Editor in 0.42 ms, found 0 plugins.
Preloading 0 native plugins for Editor in 0.00 ms.
Unloading 1100 Unused Serialized files (Serialized files now loaded: 0)
System memory in use before: 73.7 MB.
System memory in use after: 73.8 MB.

Unloading 4 unused Assets to reduce memory usage. Loaded Objects now: 1626.
Total: 2.184300 ms (FindLiveObjects: 0.144400 ms CreateObjectMapping: 0.036700 ms MarkObjects: 1.978100 ms  DeleteObjects: 0.011800 ms)

========================================================================
Received Import Request.
  Time since last request: 1190.350284 seconds.
  path: Assets/Scripts/DialougeManager.cs
  artifactKey: Guid(c4a8015f538837e4fa941f553f6bcd9d) Importer(815301076,1909f56bfc062723c751e8b465ee728b)
Start importing Assets/Scripts/DialougeManager.cs using Guid(c4a8015f538837e4fa941f553f6bcd9d) Importer(815301076,1909f56bfc062723c751e8b465ee728b)  -> (artifact id: '04072110e084678e318f7aa728ec255c') in 0.003628 seconds
  Import took 0.007693 seconds .

========================================================================
Received Import Request.
  Time since last request: 5.060031 seconds.
  path: Assets/Scenes/Dialogue Debug.unity
  artifactKey: Guid(3318e3700291b6e4ea9c92afac0ecafd) Importer(815301076,1909f56bfc062723c751e8b465ee728b)
Start importing Assets/Scenes/Dialogue Debug.unity using Guid(3318e3700291b6e4ea9c92afac0ecafd) Importer(815301076,1909f56bfc062723c751e8b465ee728b)  -> (artifact id: '492b24b33fcd78680fc54e189e3aede1') in 0.015805 seconds
  Import took 0.020071 seconds .

========================================================================
Received Prepare
Registering precompiled user dll's ...
Registered in 0.000797 seconds.
Begin MonoManager ReloadAssembly
Native extension for WindowsStandalone target not found
Refreshing native plugins compatible for Editor in 0.21 ms, found 0 plugins.
Preloading 0 native plugins for Editor in 0.00 ms.
Invoked RoslynAnalysisRunner static constructor.
RoslynAnalysisRunner will not be running.
RoslynAnalysisRunner has terminated.
Mono: successfully reloaded assembly
- Completed reload, in  1.016 seconds
Platform modules already initialized, skipping
Refreshing native plugins compatible for Editor in 0.34 ms, found 0 plugins.
Preloading 0 native plugins for Editor in 0.00 ms.
Unloading 1100 Unused Serialized files (Serialized files now loaded: 0)
System memory in use before: 74.0 MB.
System memory in use after: 74.1 MB.

Unloading 4 unused Assets to reduce memory usage. Loaded Objects now: 1628.
Total: 2.156900 ms (FindLiveObjects: 0.236800 ms CreateObjectMapping: 0.054600 ms MarkObjects: 1.846700 ms  DeleteObjects: 0.017400 ms)

========================================================================
Received Import Request.
  Time since last request: 391.992437 seconds.
  path: Assets/MiniMap Profile.asset
  artifactKey: Guid(58df4613d709b6449bda8f88c8f95829) Importer(815301076,1909f56bfc062723c751e8b465ee728b)
Start importing Assets/MiniMap Profile.asset using Guid(58df4613d709b6449bda8f88c8f95829) Importer(815301076,1909f56bfc062723c751e8b465ee728b)  -> (artifact id: 'e25f674aa8e9c6c53cd4063110faa8fb') in 0.014253 seconds
  Import took 0.017364 seconds .

========================================================================
Received Import Request.
  Time since last request: 0.000417 seconds.
  path: Assets/New Terrain.asset
  artifactKey: Guid(8b26b98a76d8599418ced6f5d06020a5) Importer(815301076,1909f56bfc062723c751e8b465ee728b)
Start importing Assets/New Terrain.asset using Guid(8b26b98a76d8599418ced6f5d06020a5) Importer(815301076,1909f56bfc062723c751e8b465ee728b)  -> (artifact id: '73da0f1a2d622c2bdb8f7c83a751e097') in 0.049525 seconds
  Import took 0.051832 seconds .

========================================================================
Received Import Request.
  Time since last request: 10.495737 seconds.
  path: Assets/UI/border.png
  artifactKey: Guid(0e5a5855d4f1d13409dcc5b5445e361e) Importer(815301076,1909f56bfc062723c751e8b465ee728b)
Start importing Assets/UI/border.png using Guid(0e5a5855d4f1d13409dcc5b5445e361e) Importer(815301076,1909f56bfc062723c751e8b465ee728b)  -> (artifact id: '0fafd83e7edd592c37fe9febd94ead6a') in 0.031532 seconds
  Import took 0.033915 seconds .

========================================================================
Received Import Request.
  Time since last request: 0.000395 seconds.
  path: Assets/UI/PlayerIcon.mat
  artifactKey: Guid(66252f66c5a58444f8d8e3f8e794be20) Importer(815301076,1909f56bfc062723c751e8b465ee728b)
Start importing Assets/UI/PlayerIcon.mat using Guid(66252f66c5a58444f8d8e3f8e794be20) Importer(815301076,1909f56bfc062723c751e8b465ee728b)  -> (artifact id: 'faaf4bd4348f417209b6092dffdd088c') in 0.065893 seconds
  Import took 0.067951 seconds .

========================================================================
Received Import Request.
  Time since last request: 0.000376 seconds.
  path: Assets/UI/ship_I.png
  artifactKey: Guid(f4cf153e22a14f44398c090751cd3777) Importer(815301076,1909f56bfc062723c751e8b465ee728b)
Start importing Assets/UI/ship_I.png using Guid(f4cf153e22a14f44398c090751cd3777) Importer(815301076,1909f56bfc062723c751e8b465ee728b)  -> (artifact id: 'ef601f9da649c513d750b97a8ff883f3') in 0.013883 seconds
  Import took 0.015880 seconds .

========================================================================
Received Import Request.
  Time since last request: 0.000254 seconds.
  path: Assets/UI/MiniMap Texture.renderTexture
  artifactKey: Guid(37482333d883f29459b44cddb3615c91) Importer(815301076,1909f56bfc062723c751e8b465ee728b)
Start importing Assets/UI/MiniMap Texture.renderTexture using Guid(37482333d883f29459b44cddb3615c91) Importer(815301076,1909f56bfc062723c751e8b465ee728b)  -> (artifact id: '9bb72a05045d2ba168fc80cd610a90df') in 0.016649 seconds
  Import took 0.018787 seconds .

========================================================================
Received Import Request.
  Time since last request: 9.254890 seconds.
  path: Assets/Prefab/DialogueTesting.prefab
  artifactKey: Guid(ff796941782148a4c8e04cf65d798e5b) Importer(815301076,1909f56bfc062723c751e8b465ee728b)
Start importing Assets/Prefab/DialogueTesting.prefab using Guid(ff796941782148a4c8e04cf65d798e5b) Importer(815301076,1909f56bfc062723c751e8b465ee728b)  -> (artifact id: '779402b35b061a9a92d2818b2893fc9b') in 0.014242 seconds
  Import took 0.016328 seconds .

========================================================================
Received Import Request.
  Time since last request: 4.550872 seconds.
  path: Assets/Scenes/The Game.unity
  artifactKey: Guid(9fc0d4010bbf28b4594072e72b8655ab) Importer(815301076,1909f56bfc062723c751e8b465ee728b)
Start importing Assets/Scenes/The Game.unity using Guid(9fc0d4010bbf28b4594072e72b8655ab) Importer(815301076,1909f56bfc062723c751e8b465ee728b)  -> (artifact id: '5c181411ee588af2fe518c7e159fa47e') in 0.006065 seconds
  Import took 0.008202 seconds .

========================================================================
Received Prepare
Registering precompiled user dll's ...
Registered in 0.000637 seconds.
Begin MonoManager ReloadAssembly
Native extension for WindowsStandalone target not found
Refreshing native plugins compatible for Editor in 0.19 ms, found 0 plugins.
Preloading 0 native plugins for Editor in 0.00 ms.
Invoked RoslynAnalysisRunner static constructor.
RoslynAnalysisRunner will not be running.
RoslynAnalysisRunner has terminated.
Mono: successfully reloaded assembly
- Completed reload, in  0.721 seconds
Platform modules already initialized, skipping
Refreshing native plugins compatible for Editor in 0.22 ms, found 0 plugins.
Preloading 0 native plugins for Editor in 0.00 ms.
Unloading 1100 Unused Serialized files (Serialized files now loaded: 0)
System memory in use before: 74.4 MB.
System memory in use after: 74.5 MB.

Unloading 4 unused Assets to reduce memory usage. Loaded Objects now: 1638.
Total: 1.734500 ms (FindLiveObjects: 0.138400 ms CreateObjectMapping: 0.031700 ms MarkObjects: 1.548300 ms  DeleteObjects: 0.014700 ms)

========================================================================
Received Prepare
Registering precompiled user dll's ...
Registered in 0.001088 seconds.
Begin MonoManager ReloadAssembly
Native extension for WindowsStandalone target not found
Refreshing native plugins compatible for Editor in 0.19 ms, found 0 plugins.
Preloading 0 native plugins for Editor in 0.00 ms.
Invoked RoslynAnalysisRunner static constructor.
RoslynAnalysisRunner will not be running.
RoslynAnalysisRunner has terminated.
Mono: successfully reloaded assembly
- Completed reload, in  0.791 seconds
Platform modules already initialized, skipping
Refreshing native plugins compatible for Editor in 0.29 ms, found 0 plugins.
Preloading 0 native plugins for Editor in 0.00 ms.
Unloading 1100 Unused Serialized files (Serialized files now loaded: 0)
System memory in use before: 74.7 MB.
System memory in use after: 74.8 MB.

Unloading 4 unused Assets to reduce memory usage. Loaded Objects now: 1640.
Total: 1.725200 ms (FindLiveObjects: 0.171400 ms CreateObjectMapping: 0.055400 ms MarkObjects: 1.470500 ms  DeleteObjects: 0.027100 ms)

========================================================================
Received Prepare
Registering precompiled user dll's ...
Registered in 0.000553 seconds.
Begin MonoManager ReloadAssembly
Native extension for WindowsStandalone target not found
Refreshing native plugins compatible for Editor in 0.19 ms, found 0 plugins.
Preloading 0 native plugins for Editor in 0.00 ms.
Invoked RoslynAnalysisRunner static constructor.
RoslynAnalysisRunner will not be running.
RoslynAnalysisRunner has terminated.
Mono: successfully reloaded assembly
- Completed reload, in  0.781 seconds
Platform modules already initialized, skipping
Refreshing native plugins compatible for Editor in 0.37 ms, found 0 plugins.
Preloading 0 native plugins for Editor in 0.00 ms.
Unloading 1100 Unused Serialized files (Serialized files now loaded: 0)
System memory in use before: 74.9 MB.
System memory in use after: 75.0 MB.

Unloading 4 unused Assets to reduce memory usage. Loaded Objects now: 1642.
Total: 1.818900 ms (FindLiveObjects: 0.321200 ms CreateObjectMapping: 0.063100 ms MarkObjects: 1.417900 ms  DeleteObjects: 0.015500 ms)

========================================================================
Received Prepare
Registering precompiled user dll's ...
Registered in 0.000628 seconds.
Begin MonoManager ReloadAssembly
Native extension for WindowsStandalone target not found
Refreshing native plugins compatible for Editor in 0.22 ms, found 0 plugins.
Preloading 0 native plugins for Editor in 0.00 ms.
Invoked RoslynAnalysisRunner static constructor.
RoslynAnalysisRunner will not be running.
RoslynAnalysisRunner has terminated.
Mono: successfully reloaded assembly
- Completed reload, in  1.009 seconds
Platform modules already initialized, skipping
Refreshing native plugins compatible for Editor in 0.29 ms, found 0 plugins.
Preloading 0 native plugins for Editor in 0.00 ms.
Unloading 1100 Unused Serialized files (Serialized files now loaded: 0)
System memory in use before: 74.2 MB.
System memory in use after: 74.3 MB.

Unloading 4 unused Assets to reduce memory usage. Loaded Objects now: 1644.
Total: 1.798500 ms (FindLiveObjects: 0.275600 ms CreateObjectMapping: 0.091000 ms MarkObjects: 1.416900 ms  DeleteObjects: 0.013800 ms)

========================================================================
Received Import Request.
  Time since last request: 1756.502258 seconds.
  path: Assets/Materials/NewLayer.terrainlayer
  artifactKey: Guid(fa4df69db4fd9ab41a46e3cf971ce415) Importer(815301076,1909f56bfc062723c751e8b465ee728b)
Start importing Assets/Materials/NewLayer.terrainlayer using Guid(fa4df69db4fd9ab41a46e3cf971ce415) Importer(815301076,1909f56bfc062723c751e8b465ee728b)  -> (artifact id: 'be2072b0fa23ef5e6eaf16157db1edeb') in 0.044444 seconds
  Import took 0.049141 seconds .

========================================================================
Received Prepare
Registering precompiled user dll's ...
Registered in 0.000697 seconds.
Begin MonoManager ReloadAssembly
Native extension for WindowsStandalone target not found
Refreshing native plugins compatible for Editor in 0.19 ms, found 0 plugins.
Preloading 0 native plugins for Editor in 0.00 ms.
Invoked RoslynAnalysisRunner static constructor.
RoslynAnalysisRunner will not be running.
RoslynAnalysisRunner has terminated.
Mono: successfully reloaded assembly
- Completed reload, in  0.740 seconds
Platform modules already initialized, skipping
Refreshing native plugins compatible for Editor in 0.20 ms, found 0 plugins.
Preloading 0 native plugins for Editor in 0.00 ms.
Unloading 1100 Unused Serialized files (Serialized files now loaded: 0)
System memory in use before: 74.5 MB.
System memory in use after: 74.6 MB.

Unloading 4 unused Assets to reduce memory usage. Loaded Objects now: 1648.
Total: 1.664700 ms (FindLiveObjects: 0.142900 ms CreateObjectMapping: 0.040500 ms MarkObjects: 1.466300 ms  DeleteObjects: 0.014300 ms)

========================================================================
Received Import Request.
  Time since last request: 24.045493 seconds.
  path: Assets/Materials/vfgs.mat
  artifactKey: Guid(22fa80f2426594048ac6d95026db15c8) Importer(815301076,1909f56bfc062723c751e8b465ee728b)
Start importing Assets/Materials/vfgs.mat using Guid(22fa80f2426594048ac6d95026db15c8) Importer(815301076,1909f56bfc062723c751e8b465ee728b)  -> (artifact id: '96fff451d3e3e71fca9f33db33cbab69') in 0.058621 seconds
  Import took 0.060697 seconds .

========================================================================
Received Import Request.
  Time since last request: 85.012178 seconds.
  path: Assets/Materials/New Render Texture.renderTexture
  artifactKey: Guid(b8553092e809d4440adeb77061f64fd0) Importer(815301076,1909f56bfc062723c751e8b465ee728b)
Start importing Assets/Materials/New Render Texture.renderTexture using Guid(b8553092e809d4440adeb77061f64fd0) Importer(815301076,1909f56bfc062723c751e8b465ee728b)  -> (artifact id: '27161c265151116a91c661eadccdf816') in 0.016236 seconds
  Import took 0.018508 seconds .

========================================================================
Received Import Request.
  Time since last request: 1040.526079 seconds.
  path: Assets/Prefabs
  artifactKey: Guid(59c3f69f0c2e7d44cb7be641b62ac0f5) Importer(815301076,1909f56bfc062723c751e8b465ee728b)
Start importing Assets/Prefabs using Guid(59c3f69f0c2e7d44cb7be641b62ac0f5) Importer(815301076,1909f56bfc062723c751e8b465ee728b)  -> (artifact id: 'e44ffaf8e730e8892d07d89986a1ca01') in 0.007326 seconds
  Import took 0.010012 seconds .

========================================================================
Received Import Request.
  Time since last request: 0.006222 seconds.
  path: Assets/Prefabs
  artifactKey: Guid(59c3f69f0c2e7d44cb7be641b62ac0f5) Importer(815301076,1909f56bfc062723c751e8b465ee728b)
Start importing Assets/Prefabs using Guid(59c3f69f0c2e7d44cb7be641b62ac0f5) Importer(815301076,1909f56bfc062723c751e8b465ee728b)  -> (artifact id: 'e44ffaf8e730e8892d07d89986a1ca01') in 0.002534 seconds
  Import took 0.004846 seconds .

========================================================================
Received Import Request.
  Time since last request: 49.600985 seconds.
  path: Assets/sadb.unitypackage
  artifactKey: Guid(83eb6250f9b7f5f46b2f0a812c62dc84) Importer(815301076,1909f56bfc062723c751e8b465ee728b)
Start importing Assets/sadb.unitypackage using Guid(83eb6250f9b7f5f46b2f0a812c62dc84) Importer(815301076,1909f56bfc062723c751e8b465ee728b)  -> (artifact id: '599456a78eacf5f00bfedbadabf7a06f') in 0.011713 seconds
  Import took 0.014364 seconds .

========================================================================
Received Import Request.
  Time since last request: 1.934429 seconds.
  path: Assets/MiniMap Border.prefab
  artifactKey: Guid(705bfeff4c8202d42a1ff0376ec64274) Importer(815301076,1909f56bfc062723c751e8b465ee728b)
Start importing Assets/MiniMap Border.prefab using Guid(705bfeff4c8202d42a1ff0376ec64274) Importer(815301076,1909f56bfc062723c751e8b465ee728b)  -> (artifact id: '93a8389a4152100e5527e452d6cf69b9') in 0.020719 seconds
  Import took 0.025367 seconds .

========================================================================
Received Prepare
Registering precompiled user dll's ...
Registered in 0.000845 seconds.
Begin MonoManager ReloadAssembly
Native extension for WindowsStandalone target not found
Refreshing native plugins compatible for Editor in 0.23 ms, found 0 plugins.
Preloading 0 native plugins for Editor in 0.00 ms.
Invoked RoslynAnalysisRunner static constructor.
RoslynAnalysisRunner will not be running.
RoslynAnalysisRunner has terminated.
Mono: successfully reloaded assembly
- Completed reload, in  0.939 seconds
Platform modules already initialized, skipping
Refreshing native plugins compatible for Editor in 0.22 ms, found 0 plugins.
Preloading 0 native plugins for Editor in 0.00 ms.
Unloading 1100 Unused Serialized files (Serialized files now loaded: 0)
System memory in use before: 75.4 MB.
System memory in use after: 75.5 MB.

Unloading 5 unused Assets to reduce memory usage. Loaded Objects now: 1652.
Total: 1.547700 ms (FindLiveObjects: 0.126400 ms CreateObjectMapping: 0.033800 ms MarkObjects: 1.367100 ms  DeleteObjects: 0.019500 ms)

========================================================================
Received Prepare
Registering precompiled user dll's ...
Registered in 0.000669 seconds.
Begin MonoManager ReloadAssembly
Native extension for WindowsStandalone target not found
Refreshing native plugins compatible for Editor in 0.19 ms, found 0 plugins.
Preloading 0 native plugins for Editor in 0.00 ms.
Invoked RoslynAnalysisRunner static constructor.
RoslynAnalysisRunner will not be running.
RoslynAnalysisRunner has terminated.
Mono: successfully reloaded assembly
- Completed reload, in  0.863 seconds
Platform modules already initialized, skipping
Refreshing native plugins compatible for Editor in 0.20 ms, found 0 plugins.
Preloading 0 native plugins for Editor in 0.00 ms.
Unloading 1100 Unused Serialized files (Serialized files now loaded: 0)
System memory in use before: 75.5 MB.
System memory in use after: 75.6 MB.

Unloading 4 unused Assets to reduce memory usage. Loaded Objects now: 1654.
Total: 1.937600 ms (FindLiveObjects: 0.162200 ms CreateObjectMapping: 0.042200 ms MarkObjects: 1.718500 ms  DeleteObjects: 0.013700 ms)

========================================================================
Received Prepare
Registering precompiled user dll's ...
Registered in 0.000864 seconds.
Begin MonoManager ReloadAssembly
Native extension for WindowsStandalone target not found
Refreshing native plugins compatible for Editor in 0.29 ms, found 0 plugins.
Preloading 0 native plugins for Editor in 0.00 ms.
Invoked RoslynAnalysisRunner static constructor.
RoslynAnalysisRunner will not be running.
RoslynAnalysisRunner has terminated.
Mono: successfully reloaded assembly
- Completed reload, in  0.904 seconds
Platform modules already initialized, skipping
Refreshing native plugins compatible for Editor in 0.25 ms, found 0 plugins.
Preloading 0 native plugins for Editor in 0.00 ms.
Unloading 1100 Unused Serialized files (Serialized files now loaded: 0)
System memory in use before: 74.9 MB.
System memory in use after: 75.0 MB.

Unloading 4 unused Assets to reduce memory usage. Loaded Objects now: 1656.
Total: 1.676700 ms (FindLiveObjects: 0.132300 ms CreateObjectMapping: 0.037200 ms MarkObjects: 1.492800 ms  DeleteObjects: 0.013500 ms)

========================================================================
Received Prepare
Registering precompiled user dll's ...
Registered in 0.000683 seconds.
Begin MonoManager ReloadAssembly
Native extension for WindowsStandalone target not found
Refreshing native plugins compatible for Editor in 0.19 ms, found 0 plugins.
Preloading 0 native plugins for Editor in 0.00 ms.
Invoked RoslynAnalysisRunner static constructor.
RoslynAnalysisRunner will not be running.
RoslynAnalysisRunner has terminated.
Mono: successfully reloaded assembly
- Completed reload, in  0.874 seconds
Platform modules already initialized, skipping
Refreshing native plugins compatible for Editor in 0.22 ms, found 0 plugins.
Preloading 0 native plugins for Editor in 0.00 ms.
Unloading 1100 Unused Serialized files (Serialized files now loaded: 0)
System memory in use before: 75.1 MB.
System memory in use after: 75.2 MB.

Unloading 4 unused Assets to reduce memory usage. Loaded Objects now: 1658.
Total: 1.778000 ms (FindLiveObjects: 0.178900 ms CreateObjectMapping: 0.033600 ms MarkObjects: 1.533000 ms  DeleteObjects: 0.031600 ms)

========================================================================
Received Import Request.
  Time since last request: 975.736963 seconds.
  path: Assets/TextMesh Pro/Fonts/LiberationSans.ttf
  artifactKey: Guid(e3265ab4bf004d28a9537516768c1c75) Importer(815301076,1909f56bfc062723c751e8b465ee728b)
Start importing Assets/TextMesh Pro/Fonts/LiberationSans.ttf using Guid(e3265ab4bf004d28a9537516768c1c75) Importer(815301076,1909f56bfc062723c751e8b465ee728b)  -> (artifact id: '0ea286ab353db8b36fd6e4cd8a1c9ac9') in 0.089341 seconds
  Import took 0.092084 seconds .

========================================================================
Received Import Request.
  Time since last request: 0.000281 seconds.
  path: Assets/TextMesh Pro/Resources/Fonts & Materials/LiberationSans SDF - Outline.mat
  artifactKey: Guid(79459efec17a4d00a321bdcc27bbc385) Importer(815301076,1909f56bfc062723c751e8b465ee728b)
Start importing Assets/TextMesh Pro/Resources/Fonts & Materials/LiberationSans SDF - Outline.mat using Guid(79459efec17a4d00a321bdcc27bbc385) Importer(815301076,1909f56bfc062723c751e8b465ee728b)  -> (artifact id: 'fafc943c64d19888e1450ff75b3539da') in 0.101536 seconds
  Import took 0.103634 seconds .

========================================================================
Received Import Request.
  Time since last request: 0.000232 seconds.
  path: Assets/TextMesh Pro/Fonts/LiberationSans.ttf
  artifactKey: Guid(e3265ab4bf004d28a9537516768c1c75) Importer(815301076,1909f56bfc062723c751e8b465ee728b)
Start importing Assets/TextMesh Pro/Fonts/LiberationSans.ttf using Guid(e3265ab4bf004d28a9537516768c1c75) Importer(815301076,1909f56bfc062723c751e8b465ee728b)  -> (artifact id: '0ea286ab353db8b36fd6e4cd8a1c9ac9') in 0.012232 seconds
  Import took 0.014453 seconds .

========================================================================
Received Import Request.
  Time since last request: 0.000220 seconds.
  path: Assets/TextMesh Pro/Resources/Fonts & Materials/LiberationSans SDF - Drop Shadow.mat
  artifactKey: Guid(e73a58f6e2794ae7b1b7e50b7fb811b0) Importer(815301076,1909f56bfc062723c751e8b465ee728b)
Start importing Assets/TextMesh Pro/Resources/Fonts & Materials/LiberationSans SDF - Drop Shadow.mat using Guid(e73a58f6e2794ae7b1b7e50b7fb811b0) Importer(815301076,1909f56bfc062723c751e8b465ee728b)  -> (artifact id: 'c07b93f041c59bf82658c8a697559aae') in 0.094575 seconds
  Import took 0.099189 seconds .

========================================================================
Received Prepare
Registering precompiled user dll's ...
Registered in 0.000713 seconds.
Begin MonoManager ReloadAssembly
Native extension for WindowsStandalone target not found
Refreshing native plugins compatible for Editor in 0.25 ms, found 0 plugins.
Preloading 0 native plugins for Editor in 0.00 ms.
Invoked RoslynAnalysisRunner static constructor.
RoslynAnalysisRunner will not be running.
RoslynAnalysisRunner has terminated.
Mono: successfully reloaded assembly
- Completed reload, in  0.751 seconds
Platform modules already initialized, skipping
Refreshing native plugins compatible for Editor in 0.21 ms, found 0 plugins.
Preloading 0 native plugins for Editor in 0.00 ms.
Unloading 1100 Unused Serialized files (Serialized files now loaded: 0)
System memory in use before: 75.6 MB.
System memory in use after: 75.7 MB.

Unloading 4 unused Assets to reduce memory usage. Loaded Objects now: 1663.
Total: 1.542300 ms (FindLiveObjects: 0.155800 ms CreateObjectMapping: 0.034200 ms MarkObjects: 1.322700 ms  DeleteObjects: 0.028800 ms)

========================================================================
Received Prepare
Registering precompiled user dll's ...
Registered in 0.000617 seconds.
Begin MonoManager ReloadAssembly
Native extension for WindowsStandalone target not found
Refreshing native plugins compatible for Editor in 0.28 ms, found 0 plugins.
Preloading 0 native plugins for Editor in 0.00 ms.
Invoked RoslynAnalysisRunner static constructor.
RoslynAnalysisRunner will not be running.
RoslynAnalysisRunner has terminated.
Mono: successfully reloaded assembly
- Completed reload, in  0.718 seconds
Platform modules already initialized, skipping
Refreshing native plugins compatible for Editor in 0.20 ms, found 0 plugins.
Preloading 0 native plugins for Editor in 0.00 ms.
Unloading 1100 Unused Serialized files (Serialized files now loaded: 0)
System memory in use before: 75.7 MB.
System memory in use after: 75.8 MB.

Unloading 4 unused Assets to reduce memory usage. Loaded Objects now: 1665.
Total: 1.901200 ms (FindLiveObjects: 0.154700 ms CreateObjectMapping: 0.065800 ms MarkObjects: 1.650800 ms  DeleteObjects: 0.028900 ms)

========================================================================
Received Import Request.
  Time since last request: 814.989748 seconds.
  path: Assets/UI
  artifactKey: Guid(ad0f37d0e3a4a9b4a98ab5aa192b9794) Importer(815301076,1909f56bfc062723c751e8b465ee728b)
Start importing Assets/UI using Guid(ad0f37d0e3a4a9b4a98ab5aa192b9794) Importer(815301076,1909f56bfc062723c751e8b465ee728b)  -> (artifact id: '1e716f85e7a8b731b6148a3c94e70bea') in 0.009927 seconds
  Import took 0.014437 seconds .

========================================================================
Received Import Request.
  Time since last request: 0.000910 seconds.
  path: Assets/UI
  artifactKey: Guid(ad0f37d0e3a4a9b4a98ab5aa192b9794) Importer(815301076,1909f56bfc062723c751e8b465ee728b)
Start importing Assets/UI using Guid(ad0f37d0e3a4a9b4a98ab5aa192b9794) Importer(815301076,1909f56bfc062723c751e8b465ee728b)  -> (artifact id: '1e716f85e7a8b731b6148a3c94e70bea') in 0.002385 seconds
  Import took 0.004548 seconds .

========================================================================
Received Import Request.
  Time since last request: 4.898446 seconds.
  path: Assets/UI/New Flare.flare
  artifactKey: Guid(fcc5a28190877b445944c24d5e77fe39) Importer(815301076,1909f56bfc062723c751e8b465ee728b)
Start importing Assets/UI/New Flare.flare using Guid(fcc5a28190877b445944c24d5e77fe39) Importer(815301076,1909f56bfc062723c751e8b465ee728b)  -> (artifact id: '23bf52c3f5f27a93c2285d63af56ce9f') in 0.020910 seconds
  Import took 0.023444 seconds .

========================================================================
Received Import Request.
  Time since last request: 8.466875 seconds.
  path: Assets/UI/Render Texture.renderTexture
  artifactKey: Guid(4f59910196b2de54d962f1430226d61c) Importer(815301076,1909f56bfc062723c751e8b465ee728b)
Start importing Assets/UI/Render Texture.renderTexture using Guid(4f59910196b2de54d962f1430226d61c) Importer(815301076,1909f56bfc062723c751e8b465ee728b)  -> (artifact id: '7a7cecfe7c5326bcc5fa4d3cbe504d2d') in 0.034338 seconds
  Import took 0.038015 seconds .

========================================================================
Received Import Request.
  Time since last request: 9.272550 seconds.
  path: Assets/Materials/MiniMap Texture.renderTexture
  artifactKey: Guid(b8553092e809d4440adeb77061f64fd0) Importer(815301076,1909f56bfc062723c751e8b465ee728b)
Start importing Assets/Materials/MiniMap Texture.renderTexture using Guid(b8553092e809d4440adeb77061f64fd0) Importer(815301076,1909f56bfc062723c751e8b465ee728b)  -> (artifact id: '3288cb6bef161f64e7c1f5da9c36e805') in 0.017677 seconds
  Import took 0.022847 seconds .

========================================================================
Received Import Request.
  Time since last request: 74.866287 seconds.
  path: ProjectSettings/TagManager.asset
  artifactKey: Guid(00000000000000003000000000000000) Importer(815301076,1909f56bfc062723c751e8b465ee728b)
Start importing ProjectSettings/TagManager.asset using Guid(00000000000000003000000000000000) Importer(815301076,1909f56bfc062723c751e8b465ee728b)  -> (artifact id: '13c8119176910cb58bb7a1a49f8ef9b2') in 0.006621 seconds
  Import took 0.008909 seconds .

========================================================================
Received Import Request.
  Time since last request: 0.002590 seconds.
  path: ProjectSettings/TagManager.asset
  artifactKey: Guid(00000000000000003000000000000000) Importer(815301076,1909f56bfc062723c751e8b465ee728b)
Start importing ProjectSettings/TagManager.asset using Guid(00000000000000003000000000000000) Importer(815301076,1909f56bfc062723c751e8b465ee728b)  -> (artifact id: '13c8119176910cb58bb7a1a49f8ef9b2') in 0.003301 seconds
  Import took 0.005257 seconds .

========================================================================
Received Prepare
Registering precompiled user dll's ...
Registered in 0.001021 seconds.
Begin MonoManager ReloadAssembly
Native extension for WindowsStandalone target not found
Refreshing native plugins compatible for Editor in 0.19 ms, found 0 plugins.
Preloading 0 native plugins for Editor in 0.00 ms.
Invoked RoslynAnalysisRunner static constructor.
RoslynAnalysisRunner will not be running.
RoslynAnalysisRunner has terminated.
Mono: successfully reloaded assembly
- Completed reload, in  0.763 seconds
Platform modules already initialized, skipping
Refreshing native plugins compatible for Editor in 0.25 ms, found 0 plugins.
Preloading 0 native plugins for Editor in 0.00 ms.
Unloading 1100 Unused Serialized files (Serialized files now loaded: 0)
System memory in use before: 75.1 MB.
System memory in use after: 75.2 MB.

Unloading 6 unused Assets to reduce memory usage. Loaded Objects now: 1667.
Total: 1.663800 ms (FindLiveObjects: 0.151700 ms CreateObjectMapping: 0.037700 ms MarkObjects: 1.457700 ms  DeleteObjects: 0.015700 ms)

========================================================================
Received Prepare
Registering precompiled user dll's ...
Registered in 0.000503 seconds.
Begin MonoManager ReloadAssembly
Native extension for WindowsStandalone target not found
Refreshing native plugins compatible for Editor in 0.38 ms, found 0 plugins.
Preloading 0 native plugins for Editor in 0.00 ms.
Invoked RoslynAnalysisRunner static constructor.
RoslynAnalysisRunner will not be running.
RoslynAnalysisRunner has terminated.
Mono: successfully reloaded assembly
- Completed reload, in  1.005 seconds
Platform modules already initialized, skipping
Refreshing native plugins compatible for Editor in 0.20 ms, found 0 plugins.
Preloading 0 native plugins for Editor in 0.00 ms.
Unloading 1100 Unused Serialized files (Serialized files now loaded: 0)
System memory in use before: 75.4 MB.
System memory in use after: 75.5 MB.

Unloading 4 unused Assets to reduce memory usage. Loaded Objects now: 1669.
Total: 2.248600 ms (FindLiveObjects: 0.155900 ms CreateObjectMapping: 0.042800 ms MarkObjects: 2.033400 ms  DeleteObjects: 0.015000 ms)

AssetImportWorkerClient::OnTransportError - code=2 error=End of file
