Using pre-set license
Built from '2020.2/release' branch; Version is '2020.2.2f1 (068178b99f32) revision 426360'; Using compiler version '192528614'; Build Type 'Release'
OS: 'Windows 10 Pro; OS build 19042.1052; Version 2009; 64bit' Language: 'en' Physical Memory: 32704 MB
BatchMode: 1, IsHumanControllingUs: 0, StartBugReporterOnCrash: 0, Is64bit: 1, IsPro: 0

 COMMAND LINE ARGUMENTS:
C:\Program Files\Unity\Hub\Editor\2020.2.2f1\Editor\Unity.exe
-adb2
-batchMode
-noUpm
-name
AssetImportWorker1
-projectPath
F:/Unity Projects/Game-Systems-3D
-logFile
Logs/AssetImportWorker1.log
-srvPort
50359
Successfully changed project path to: F:/Unity Projects/Game-Systems-3D
F:/Unity Projects/Game-Systems-3D
Using Asset Import Pipeline V2.
Refreshing native plugins compatible for Editor in 34.90 ms, found 1 plugins.
Preloading 0 native plugins for Editor in 0.00 ms.
Initialize engine version: 2020.2.2f1 (068178b99f32)
[Subsystems] Discovering subsystems at path C:/Program Files/Unity/Hub/Editor/2020.2.2f1/Editor/Data/Resources/UnitySubsystems
[Subsystems] Discovering subsystems at path F:/Unity Projects/Game-Systems-3D/Assets
GfxDevice: creating device client; threaded=0
Direct3D:
    Version:  Direct3D 11.0 [level 11.1]
    Renderer: NVIDIA GeForce RTX 3080 (ID=0x2206)
    Vendor:   
    VRAM:     10078 MB
    Driver:   27.21.14.6611
Initialize mono
Mono path[0] = 'C:/Program Files/Unity/Hub/Editor/2020.2.2f1/Editor/Data/Managed'
Mono path[1] = 'C:/Program Files/Unity/Hub/Editor/2020.2.2f1/Editor/Data/MonoBleedingEdge/lib/mono/unityjit'
Mono config path = 'C:/Program Files/Unity/Hub/Editor/2020.2.2f1/Editor/Data/MonoBleedingEdge/etc'
Using monoOptions --debugger-agent=transport=dt_socket,embedding=1,server=y,suspend=n,address=127.0.0.1:56316
Begin MonoManager ReloadAssembly
Registering precompiled unity dll's ...
Register platform support module: C:/Program Files/Unity/Hub/Editor/2020.2.2f1/Editor/Data/PlaybackEngines/MacStandaloneSupport/UnityEditor.OSXStandalone.Extensions.dll
Register platform support module: C:/Program Files/Unity/Hub/Editor/2020.2.2f1/Editor/Data/PlaybackEngines/WindowsStandaloneSupport/UnityEditor.WindowsStandalone.Extensions.dll
Register platform support module: C:/Program Files/Unity/Hub/Editor/2020.2.2f1/Editor/Data/PlaybackEngines/LinuxStandaloneSupport/UnityEditor.LinuxStandalone.Extensions.dll
Registered in 0.002727 seconds.
Native extension for LinuxStandalone target not found
Native extension for WindowsStandalone target not found
Native extension for OSXStandalone target not found
Refreshing native plugins compatible for Editor in 30.68 ms, found 1 plugins.
Preloading 0 native plugins for Editor in 0.00 ms.
Invoked RoslynAnalysisRunner static constructor.
RoslynAnalysisRunner will not be running.
RoslynAnalysisRunner has terminated.
Mono: successfully reloaded assembly
- Completed reload, in  5.366 seconds
Platform modules already initialized, skipping
Registering precompiled user dll's ...
Registered in 0.000863 seconds.
Begin MonoManager ReloadAssembly
Native extension for LinuxStandalone target not found
Native extension for WindowsStandalone target not found
Native extension for OSXStandalone target not found
Refreshing native plugins compatible for Editor in 0.36 ms, found 1 plugins.
Preloading 0 native plugins for Editor in 0.00 ms.
Invoked RoslynAnalysisRunner static constructor.
RoslynAnalysisRunner will not be running.
RoslynAnalysisRunner has terminated.
Mono: successfully reloaded assembly
- Completed reload, in  0.833 seconds
Platform modules already initialized, skipping
========================================================================
Worker process is ready to serve import requests
Launched and connected shader compiler UnityShaderCompiler.exe after 0.15 seconds
Refreshing native plugins compatible for Editor in 0.34 ms, found 1 plugins.
Preloading 0 native plugins for Editor in 0.00 ms.
Unloading 1659 Unused Serialized files (Serialized files now loaded: 0)
System memory in use before: 94.4 MB.
System memory in use after: 94.5 MB.

Unloading 15 unused Assets to reduce memory usage. Loaded Objects now: 2121.
Total: 1.742400 ms (FindLiveObjects: 0.222400 ms CreateObjectMapping: 0.082300 ms MarkObjects: 1.376900 ms  DeleteObjects: 0.060000 ms)

========================================================================
Received Import Request.
  path: Assets/Dependencies/Warrior Babe/Character/Clothes_7.png
  artifactKey: Guid(ed6ac3e4c3427bd4dabf8bbe2cb7f573) Importer(815301076,1909f56bfc062723c751e8b465ee728b)
Start importing Assets/Dependencies/Warrior Babe/Character/Clothes_7.png using Guid(ed6ac3e4c3427bd4dabf8bbe2cb7f573) Importer(815301076,1909f56bfc062723c751e8b465ee728b)  -> (artifact id: '05a8ae57830b9b493d6c2026791d89e7') in 0.121476 seconds
  Import took 0.124475 seconds .

========================================================================
Received Import Request.
  Time since last request: 0.000196 seconds.
  path: Assets/Dependencies/Warrior Babe/Character/Clothes_2.png
  artifactKey: Guid(bb10c4b3af99a6745a64075913ea8cef) Importer(815301076,1909f56bfc062723c751e8b465ee728b)
Start importing Assets/Dependencies/Warrior Babe/Character/Clothes_2.png using Guid(bb10c4b3af99a6745a64075913ea8cef) Importer(815301076,1909f56bfc062723c751e8b465ee728b)  -> (artifact id: 'aee30748b4726dd8187cc3b717a15257') in 0.017148 seconds
  Import took 0.019689 seconds .

========================================================================
Received Import Request.
  Time since last request: 0.000283 seconds.
  path: Assets/Dependencies/Warrior Babe/Character/Clothes_4.png
  artifactKey: Guid(03e693dff9e131640aad6b411dd66434) Importer(815301076,1909f56bfc062723c751e8b465ee728b)
Start importing Assets/Dependencies/Warrior Babe/Character/Clothes_4.png using Guid(03e693dff9e131640aad6b411dd66434) Importer(815301076,1909f56bfc062723c751e8b465ee728b)  -> (artifact id: '4bc56d3631a74be0332f7ef72edfed7b') in 0.012908 seconds
  Import took 0.015238 seconds .

========================================================================
Received Import Request.
  Time since last request: 0.000201 seconds.
  path: Assets/Dependencies/Warrior Babe/Character/Clothes_9.png
  artifactKey: Guid(a4e33b3e207afc94499a4756c24ec90b) Importer(815301076,1909f56bfc062723c751e8b465ee728b)
Start importing Assets/Dependencies/Warrior Babe/Character/Clothes_9.png using Guid(a4e33b3e207afc94499a4756c24ec90b) Importer(815301076,1909f56bfc062723c751e8b465ee728b)  -> (artifact id: '761187955861bd346f6d095fce37946f') in 0.012229 seconds
  Import took 0.014583 seconds .

========================================================================
Received Import Request.
  Time since last request: 0.000268 seconds.
  path: Assets/Dependencies/Warrior Babe/Character/Skin_2.png
  artifactKey: Guid(9899450f37630774e92e00d03ecc6123) Importer(815301076,1909f56bfc062723c751e8b465ee728b)
Start importing Assets/Dependencies/Warrior Babe/Character/Skin_2.png using Guid(9899450f37630774e92e00d03ecc6123) Importer(815301076,1909f56bfc062723c751e8b465ee728b)  -> (artifact id: 'df1a9c0de2c80735634422b94ff9632f') in 0.010450 seconds
  Import took 0.012941 seconds .

========================================================================
Received Import Request.
  Time since last request: 0.000225 seconds.
  path: Assets/Dependencies/Warrior Babe/Character/Armour_4.png
  artifactKey: Guid(7ed0e9b03086e224ba87e877376f38c7) Importer(815301076,1909f56bfc062723c751e8b465ee728b)
Start importing Assets/Dependencies/Warrior Babe/Character/Armour_4.png using Guid(7ed0e9b03086e224ba87e877376f38c7) Importer(815301076,1909f56bfc062723c751e8b465ee728b)  -> (artifact id: '1c43f24877385b7ca1d4bbc2477383cb') in 0.011993 seconds
  Import took 0.014818 seconds .

========================================================================
Received Import Request.
  Time since last request: 0.000259 seconds.
  path: Assets/Dependencies/Warrior Babe/Character/Clothes_6.png
  artifactKey: Guid(31e5cd77993e54846aff1d88f5fccfec) Importer(815301076,1909f56bfc062723c751e8b465ee728b)
Start importing Assets/Dependencies/Warrior Babe/Character/Clothes_6.png using Guid(31e5cd77993e54846aff1d88f5fccfec) Importer(815301076,1909f56bfc062723c751e8b465ee728b)  -> (artifact id: '35adbe9d6a7ace4891558af814967cb5') in 0.010502 seconds
  Import took 0.012965 seconds .

========================================================================
Received Import Request.
  Time since last request: 0.000238 seconds.
  path: Assets/Dependencies/Warrior Babe/Character/Mouth_2.png
  artifactKey: Guid(cd611a99307379444aaf6b3a1b1062ac) Importer(815301076,1909f56bfc062723c751e8b465ee728b)
Start importing Assets/Dependencies/Warrior Babe/Character/Mouth_2.png using Guid(cd611a99307379444aaf6b3a1b1062ac) Importer(815301076,1909f56bfc062723c751e8b465ee728b)  -> (artifact id: '13408ca355913442183f53d572cf0963') in 0.010388 seconds
  Import took 0.012842 seconds .

========================================================================
Received Import Request.
  Time since last request: 0.000213 seconds.
  path: Assets/Dependencies/Warrior Babe/Character/Hair_3.png
  artifactKey: Guid(362d401121ca84a429629b520e590a4b) Importer(815301076,1909f56bfc062723c751e8b465ee728b)
Start importing Assets/Dependencies/Warrior Babe/Character/Hair_3.png using Guid(362d401121ca84a429629b520e590a4b) Importer(815301076,1909f56bfc062723c751e8b465ee728b)  -> (artifact id: 'f7a7a99d6bdb428a0d278b7a3d088230') in 0.025929 seconds
  Import took 0.028346 seconds .

========================================================================
Received Import Request.
  Time since last request: 0.000175 seconds.
  path: Assets/Dependencies/Warrior Babe/Character/Hair_1.png
  artifactKey: Guid(4b5c13297e82c76429c6315359850b89) Importer(815301076,1909f56bfc062723c751e8b465ee728b)
Start importing Assets/Dependencies/Warrior Babe/Character/Hair_1.png using Guid(4b5c13297e82c76429c6315359850b89) Importer(815301076,1909f56bfc062723c751e8b465ee728b)  -> (artifact id: 'ec565703103e00a82048e790fc5357ef') in 0.010174 seconds
  Import took 0.012304 seconds .

========================================================================
Received Import Request.
  Time since last request: 0.000228 seconds.
  path: Assets/Dependencies/Warrior Babe/Character/Hair_4.png
  artifactKey: Guid(ffe0a7cf8f6a8f041ac4e5d2446fbf51) Importer(815301076,1909f56bfc062723c751e8b465ee728b)
Start importing Assets/Dependencies/Warrior Babe/Character/Hair_4.png using Guid(ffe0a7cf8f6a8f041ac4e5d2446fbf51) Importer(815301076,1909f56bfc062723c751e8b465ee728b)  -> (artifact id: '13f4466e73195c33641862788ebd349e') in 0.011739 seconds
  Import took 0.013980 seconds .

========================================================================
Received Import Request.
  Time since last request: 0.000196 seconds.
  path: Assets/Dependencies/Warrior Babe/Character/Armour_9.png
  artifactKey: Guid(1f1282314e145ee48b99772ede923063) Importer(815301076,1909f56bfc062723c751e8b465ee728b)
Start importing Assets/Dependencies/Warrior Babe/Character/Armour_9.png using Guid(1f1282314e145ee48b99772ede923063) Importer(815301076,1909f56bfc062723c751e8b465ee728b)  -> (artifact id: '4c874670ed6ee64109d982eeafdd57ea') in 0.025120 seconds
  Import took 0.028085 seconds .

========================================================================
Received Import Request.
  Time since last request: 0.000180 seconds.
  path: Assets/Dependencies/Warrior Babe/Character/Skin_1.png
  artifactKey: Guid(b64fcccaf694d6b47a7ed78f0b5dd5d2) Importer(815301076,1909f56bfc062723c751e8b465ee728b)
Start importing Assets/Dependencies/Warrior Babe/Character/Skin_1.png using Guid(b64fcccaf694d6b47a7ed78f0b5dd5d2) Importer(815301076,1909f56bfc062723c751e8b465ee728b)  -> (artifact id: '58172b5d41791196b0bbef703a03849b') in 0.011157 seconds
  Import took 0.014362 seconds .

========================================================================
Received Import Request.
  Time since last request: 0.000196 seconds.
  path: Assets/Dependencies/Warrior Babe/Character/Armour_8.png
  artifactKey: Guid(3366929dce251e946af3c41ebbd75f30) Importer(815301076,1909f56bfc062723c751e8b465ee728b)
Start importing Assets/Dependencies/Warrior Babe/Character/Armour_8.png using Guid(3366929dce251e946af3c41ebbd75f30) Importer(815301076,1909f56bfc062723c751e8b465ee728b)  -> (artifact id: '1c1c4e587ef33f188aa1753a5dfe41e4') in 0.029195 seconds
  Import took 0.031730 seconds .

========================================================================
Received Import Request.
  Time since last request: 0.000181 seconds.
  path: Assets/Dependencies/Warrior Babe/Character/Eyes_0.png
  artifactKey: Guid(3155165ea539f3f43887a54db187fa8c) Importer(815301076,1909f56bfc062723c751e8b465ee728b)
Start importing Assets/Dependencies/Warrior Babe/Character/Eyes_0.png using Guid(3155165ea539f3f43887a54db187fa8c) Importer(815301076,1909f56bfc062723c751e8b465ee728b)  -> (artifact id: 'f3371457e29f445707b57ebcc628dc22') in 0.010301 seconds
  Import took 0.012637 seconds .

========================================================================
Received Import Request.
  Time since last request: 0.000242 seconds.
  path: Assets/Dependencies/Warrior Babe/Character/Clothes_1.png
  artifactKey: Guid(136c0042789c14147971ad3c4dc8468b) Importer(815301076,1909f56bfc062723c751e8b465ee728b)
Start importing Assets/Dependencies/Warrior Babe/Character/Clothes_1.png using Guid(136c0042789c14147971ad3c4dc8468b) Importer(815301076,1909f56bfc062723c751e8b465ee728b)  -> (artifact id: 'b738283e8f44f2e3e9f1bfb54345970f') in 0.009610 seconds
  Import took 0.012035 seconds .

========================================================================
Received Import Request.
  Time since last request: 0.000210 seconds.
  path: Assets/Dependencies/Warrior Babe/Character/Eyes_3.png
  artifactKey: Guid(526459037d79e4340b3888bfbc5014ba) Importer(815301076,1909f56bfc062723c751e8b465ee728b)
Start importing Assets/Dependencies/Warrior Babe/Character/Eyes_3.png using Guid(526459037d79e4340b3888bfbc5014ba) Importer(815301076,1909f56bfc062723c751e8b465ee728b)  -> (artifact id: 'c880abc23bd0ce5ddcbee5b83c0385d0') in 0.020963 seconds
  Import took 0.023446 seconds .

========================================================================
Received Import Request.
  Time since last request: 0.000186 seconds.
  path: Assets/Dependencies/Warrior Babe/Character/Armour_2.png
  artifactKey: Guid(88a74eeda4a09804f9b38a951e133c3a) Importer(815301076,1909f56bfc062723c751e8b465ee728b)
Start importing Assets/Dependencies/Warrior Babe/Character/Armour_2.png using Guid(88a74eeda4a09804f9b38a951e133c3a) Importer(815301076,1909f56bfc062723c751e8b465ee728b)  -> (artifact id: '7660733a994b2ed1b1418ae45d282eb8') in 0.010323 seconds
  Import took 0.012708 seconds .

========================================================================
Received Import Request.
  Time since last request: 0.000168 seconds.
  path: Assets/Dependencies/Warrior Babe/Character/Eyes_2.png
  artifactKey: Guid(a5a10d256635c314caf2e9363a13892f) Importer(815301076,1909f56bfc062723c751e8b465ee728b)
Start importing Assets/Dependencies/Warrior Babe/Character/Eyes_2.png using Guid(a5a10d256635c314caf2e9363a13892f) Importer(815301076,1909f56bfc062723c751e8b465ee728b)  -> (artifact id: '2e713981be241f3b49ba131d7f075187') in 0.010121 seconds
  Import took 0.012847 seconds .

========================================================================
Received Import Request.
  Time since last request: 0.000277 seconds.
  path: Assets/Dependencies/Warrior Babe/Character/Mouth_1.png
  artifactKey: Guid(ff0b0aa6686936e4e96a682ec4c88921) Importer(815301076,1909f56bfc062723c751e8b465ee728b)
Start importing Assets/Dependencies/Warrior Babe/Character/Mouth_1.png using Guid(ff0b0aa6686936e4e96a682ec4c88921) Importer(815301076,1909f56bfc062723c751e8b465ee728b)  -> (artifact id: '0e2c4875549dc7c92f45772b9527404e') in 0.011107 seconds
  Import took 0.025968 seconds .

========================================================================
Received Import Request.
  Time since last request: 0.000253 seconds.
  path: Assets/Dependencies/Warrior Babe/Character/Armour_5.png
  artifactKey: Guid(d7946786fd0a52c4f8dcbe3157c7a76c) Importer(815301076,1909f56bfc062723c751e8b465ee728b)
Start importing Assets/Dependencies/Warrior Babe/Character/Armour_5.png using Guid(d7946786fd0a52c4f8dcbe3157c7a76c) Importer(815301076,1909f56bfc062723c751e8b465ee728b)  -> (artifact id: '916aa992e00f1a5e6948104b2d6641e3') in 0.011238 seconds
  Import took 0.013828 seconds .

========================================================================
Received Import Request.
  Time since last request: 0.000178 seconds.
  path: Assets/Dependencies/Warrior Babe/Character/Armour_0.png
  artifactKey: Guid(1a627a1fee509984d90402d9058991e0) Importer(815301076,1909f56bfc062723c751e8b465ee728b)
Start importing Assets/Dependencies/Warrior Babe/Character/Armour_0.png using Guid(1a627a1fee509984d90402d9058991e0) Importer(815301076,1909f56bfc062723c751e8b465ee728b)  -> (artifact id: '22658c556cc03d825f162d9a95c95dfd') in 0.017017 seconds
  Import took 0.019666 seconds .

========================================================================
Received Import Request.
  Time since last request: 0.000169 seconds.
  path: Assets/Dependencies/Warrior Babe/Character/Mouth_0.png
  artifactKey: Guid(c5e46494b1f75c248b5c8f28264ea51f) Importer(815301076,1909f56bfc062723c751e8b465ee728b)
Start importing Assets/Dependencies/Warrior Babe/Character/Mouth_0.png using Guid(c5e46494b1f75c248b5c8f28264ea51f) Importer(815301076,1909f56bfc062723c751e8b465ee728b)  -> (artifact id: '1fa06755cee159aa0b2480c15ebc7dde') in 0.009353 seconds
  Import took 0.011798 seconds .

========================================================================
Received Import Request.
  Time since last request: 0.000176 seconds.
  path: Assets/Dependencies/Warrior Babe/Character/Eyes_1.png
  artifactKey: Guid(d846a246c4af55c48b367656e9a138ea) Importer(815301076,1909f56bfc062723c751e8b465ee728b)
Start importing Assets/Dependencies/Warrior Babe/Character/Eyes_1.png using Guid(d846a246c4af55c48b367656e9a138ea) Importer(815301076,1909f56bfc062723c751e8b465ee728b)  -> (artifact id: '19b4d120c7c8080cd406d5d4edefe7ae') in 0.009663 seconds
  Import took 0.011782 seconds .

========================================================================
Received Import Request.
  Time since last request: 0.000157 seconds.
  path: Assets/Dependencies/Warrior Babe/Character/Armour_6.png
  artifactKey: Guid(71bda63b61cbb7449b1fe9c79fd83b55) Importer(815301076,1909f56bfc062723c751e8b465ee728b)
Start importing Assets/Dependencies/Warrior Babe/Character/Armour_6.png using Guid(71bda63b61cbb7449b1fe9c79fd83b55) Importer(815301076,1909f56bfc062723c751e8b465ee728b)  -> (artifact id: '46efa75ee348cab9b5e975847d2ec185') in 0.012429 seconds
  Import took 0.014831 seconds .

========================================================================
Received Import Request.
  Time since last request: 0.000207 seconds.
  path: Assets/Dependencies/Warrior Babe/Character/Skin_0.png
  artifactKey: Guid(e04c63973de7fbf469d70a493bf23d2e) Importer(815301076,1909f56bfc062723c751e8b465ee728b)
Start importing Assets/Dependencies/Warrior Babe/Character/Skin_0.png using Guid(e04c63973de7fbf469d70a493bf23d2e) Importer(815301076,1909f56bfc062723c751e8b465ee728b)  -> (artifact id: '5f1629501b8d63fe8f9e9ad58864389b') in 0.011565 seconds
  Import took 0.014032 seconds .

========================================================================
Received Import Request.
  Time since last request: 0.000204 seconds.
  path: Assets/Dependencies/Warrior Babe/Character/Armour_10.png
  artifactKey: Guid(4387a3c69e6f9944f908ce41c9b1e5c4) Importer(815301076,1909f56bfc062723c751e8b465ee728b)
Start importing Assets/Dependencies/Warrior Babe/Character/Armour_10.png using Guid(4387a3c69e6f9944f908ce41c9b1e5c4) Importer(815301076,1909f56bfc062723c751e8b465ee728b)  -> (artifact id: '5979b27efc5c27cf90882d7e163c34c7') in 0.011226 seconds
  Import took 0.013709 seconds .

========================================================================
Received Import Request.
  Time since last request: 0.000267 seconds.
  path: Assets/Dependencies/Warrior Babe/Character/Armour_7.png
  artifactKey: Guid(df32a5aef7822754d9a97ad19ea97260) Importer(815301076,1909f56bfc062723c751e8b465ee728b)
Start importing Assets/Dependencies/Warrior Babe/Character/Armour_7.png using Guid(df32a5aef7822754d9a97ad19ea97260) Importer(815301076,1909f56bfc062723c751e8b465ee728b)  -> (artifact id: 'd0692fe16550ad3d08a08df58bd749fa') in 0.011793 seconds
  Import took 0.014065 seconds .

========================================================================
Received Import Request.
  Time since last request: 0.000198 seconds.
  path: Assets/Dependencies/Warrior Babe/Character/Skin_3.png
  artifactKey: Guid(3fbd92eef8f408a4b9fd0650c4b3694f) Importer(815301076,1909f56bfc062723c751e8b465ee728b)
Start importing Assets/Dependencies/Warrior Babe/Character/Skin_3.png using Guid(3fbd92eef8f408a4b9fd0650c4b3694f) Importer(815301076,1909f56bfc062723c751e8b465ee728b)  -> (artifact id: 'bfc1ff879c1532e2ff955d2145b071f1') in 0.011468 seconds
  Import took 0.014209 seconds .

========================================================================
Received Import Request.
  Time since last request: 0.000247 seconds.
  path: Assets/Dependencies/Warrior Babe/Character/Clothes_3.png
  artifactKey: Guid(bda3ed9c9daecfb49a3c8b7a41c4937a) Importer(815301076,1909f56bfc062723c751e8b465ee728b)
Start importing Assets/Dependencies/Warrior Babe/Character/Clothes_3.png using Guid(bda3ed9c9daecfb49a3c8b7a41c4937a) Importer(815301076,1909f56bfc062723c751e8b465ee728b)  -> (artifact id: 'd7afcde44a5449b47f6da7c274d75792') in 0.011928 seconds
  Import took 0.015081 seconds .

========================================================================
Received Import Request.
  Time since last request: 0.000203 seconds.
  path: Assets/Dependencies/Warrior Babe/Character/Hair_2.png
  artifactKey: Guid(68a58a9cd4115824db27152ca2179388) Importer(815301076,1909f56bfc062723c751e8b465ee728b)
Start importing Assets/Dependencies/Warrior Babe/Character/Hair_2.png using Guid(68a58a9cd4115824db27152ca2179388) Importer(815301076,1909f56bfc062723c751e8b465ee728b)  -> (artifact id: '6c440da343093370bdba3cdca82f1bd0') in 0.010957 seconds
  Import took 0.013472 seconds .

========================================================================
Received Import Request.
  Time since last request: 0.000225 seconds.
  path: Assets/Dependencies/Warrior Babe/Character/Clothes_5.png
  artifactKey: Guid(61809cfab0078cb4f9b1d2c9962e3c86) Importer(815301076,1909f56bfc062723c751e8b465ee728b)
Start importing Assets/Dependencies/Warrior Babe/Character/Clothes_5.png using Guid(61809cfab0078cb4f9b1d2c9962e3c86) Importer(815301076,1909f56bfc062723c751e8b465ee728b)  -> (artifact id: '59089aa8e962a559dcd7e7281cd31baf') in 0.011022 seconds
  Import took 0.013810 seconds .

========================================================================
Received Import Request.
  Time since last request: 0.000201 seconds.
  path: Assets/Dependencies/Warrior Babe/Character/Clothes_0.png
  artifactKey: Guid(339f05e80baf72048b1548e31e93ad02) Importer(815301076,1909f56bfc062723c751e8b465ee728b)
Start importing Assets/Dependencies/Warrior Babe/Character/Clothes_0.png using Guid(339f05e80baf72048b1548e31e93ad02) Importer(815301076,1909f56bfc062723c751e8b465ee728b)  -> (artifact id: '4d748c4f570725f705d66f23bf2bc2b7') in 0.011562 seconds
  Import took 0.014682 seconds .

========================================================================
Received Import Request.
  Time since last request: 0.000221 seconds.
  path: Assets/Dependencies/Warrior Babe/Character/Armour_1.png
  artifactKey: Guid(fee1bacd0eb007348a70d77b8938b2b5) Importer(815301076,1909f56bfc062723c751e8b465ee728b)
Start importing Assets/Dependencies/Warrior Babe/Character/Armour_1.png using Guid(fee1bacd0eb007348a70d77b8938b2b5) Importer(815301076,1909f56bfc062723c751e8b465ee728b)  -> (artifact id: '9d9871c88b13d9c55e6a8ec05dfde830') in 0.012271 seconds
  Import took 0.014570 seconds .

========================================================================
Received Import Request.
  Time since last request: 0.000163 seconds.
  path: Assets/Dependencies/Warrior Babe/Character/Clothes_8.png
  artifactKey: Guid(ed22903ab47392b4b9024bcc922d3762) Importer(815301076,1909f56bfc062723c751e8b465ee728b)
Start importing Assets/Dependencies/Warrior Babe/Character/Clothes_8.png using Guid(ed22903ab47392b4b9024bcc922d3762) Importer(815301076,1909f56bfc062723c751e8b465ee728b)  -> (artifact id: 'e9e70283b19eff325ee26a9e5d182c4b') in 0.009622 seconds
  Import took 0.011952 seconds .

========================================================================
Received Import Request.
  Time since last request: 0.000176 seconds.
  path: Assets/Dependencies/Warrior Babe/Character/Armour_3.png
  artifactKey: Guid(f5df4df4e8561894c8c5fe8efee99707) Importer(815301076,1909f56bfc062723c751e8b465ee728b)
Start importing Assets/Dependencies/Warrior Babe/Character/Armour_3.png using Guid(f5df4df4e8561894c8c5fe8efee99707) Importer(815301076,1909f56bfc062723c751e8b465ee728b)  -> (artifact id: '762af0fbca8b553a34f90f60dbedfbe4') in 0.029462 seconds
  Import took 0.031805 seconds .

========================================================================
Received Import Request.
  Time since last request: 0.000167 seconds.
  path: Assets/Dependencies/Warrior Babe/Character/Hair_0.png
  artifactKey: Guid(79acc80d21b214145881e688faa23570) Importer(815301076,1909f56bfc062723c751e8b465ee728b)
Start importing Assets/Dependencies/Warrior Babe/Character/Hair_0.png using Guid(79acc80d21b214145881e688faa23570) Importer(815301076,1909f56bfc062723c751e8b465ee728b)  -> (artifact id: '161b7ea89c0ecc2d87fa121e846b5755') in 0.009581 seconds
  Import took 0.011749 seconds .

========================================================================
Received Import Request.
  Time since last request: 0.000204 seconds.
  path: Assets/Dependencies/Warrior Babe/Character/Clothes_10.png
  artifactKey: Guid(87031feb79a5f564e8d7e8fb74e2d101) Importer(815301076,1909f56bfc062723c751e8b465ee728b)
Start importing Assets/Dependencies/Warrior Babe/Character/Clothes_10.png using Guid(87031feb79a5f564e8d7e8fb74e2d101) Importer(815301076,1909f56bfc062723c751e8b465ee728b)  -> (artifact id: '78a24cbba745db3a760fc98021c011e1') in 0.009319 seconds
  Import took 0.011613 seconds .

========================================================================
Received Prepare
Registering precompiled user dll's ...
Registered in 0.001209 seconds.
Begin MonoManager ReloadAssembly
Native extension for LinuxStandalone target not found
Native extension for WindowsStandalone target not found
Native extension for OSXStandalone target not found
Refreshing native plugins compatible for Editor in 0.36 ms, found 1 plugins.
Preloading 0 native plugins for Editor in 0.00 ms.
Invoked RoslynAnalysisRunner static constructor.
RoslynAnalysisRunner will not be running.
RoslynAnalysisRunner has terminated.
Mono: successfully reloaded assembly
- Completed reload, in  0.833 seconds
Platform modules already initialized, skipping
Refreshing native plugins compatible for Editor in 0.35 ms, found 1 plugins.
Preloading 0 native plugins for Editor in 0.00 ms.
Unloading 1636 Unused Serialized files (Serialized files now loaded: 0)
System memory in use before: 93.4 MB.
System memory in use after: 93.5 MB.

Unloading 7 unused Assets to reduce memory usage. Loaded Objects now: 2126.
Total: 1.928400 ms (FindLiveObjects: 0.229500 ms CreateObjectMapping: 0.074300 ms MarkObjects: 1.608000 ms  DeleteObjects: 0.015600 ms)

========================================================================
Received Prepare
Registering precompiled user dll's ...
Registered in 0.001007 seconds.
Begin MonoManager ReloadAssembly
Native extension for LinuxStandalone target not found
Native extension for WindowsStandalone target not found
Native extension for OSXStandalone target not found
Refreshing native plugins compatible for Editor in 0.35 ms, found 1 plugins.
Preloading 0 native plugins for Editor in 0.00 ms.
Invoked RoslynAnalysisRunner static constructor.
RoslynAnalysisRunner will not be running.
RoslynAnalysisRunner has terminated.
Mono: successfully reloaded assembly
- Completed reload, in  0.800 seconds
Platform modules already initialized, skipping
Refreshing native plugins compatible for Editor in 0.33 ms, found 1 plugins.
Preloading 0 native plugins for Editor in 0.00 ms.
Unloading 1636 Unused Serialized files (Serialized files now loaded: 0)
System memory in use before: 94.3 MB.
System memory in use after: 94.4 MB.

Unloading 7 unused Assets to reduce memory usage. Loaded Objects now: 2129.
Total: 2.190500 ms (FindLiveObjects: 0.196000 ms CreateObjectMapping: 0.068200 ms MarkObjects: 1.912000 ms  DeleteObjects: 0.013000 ms)

========================================================================
Received Import Request.
  Time since last request: 159.783048 seconds.
  path: Assets/The Game/Warrior Babe/Warrior.FBX
  artifactKey: Guid(f95ab82904d151c47a19475fcffa5fd7) Importer(815301076,1909f56bfc062723c751e8b465ee728b)
Start importing Assets/The Game/Warrior Babe/Warrior.FBX using Guid(f95ab82904d151c47a19475fcffa5fd7) Importer(815301076,1909f56bfc062723c751e8b465ee728b)  -> (artifact id: 'fcb6778250c33849962ff3daf3c0135e') in 0.163160 seconds
  Import took 0.165903 seconds .

========================================================================
Received Prepare
Registering precompiled user dll's ...
Registered in 0.000944 seconds.
Begin MonoManager ReloadAssembly
Native extension for LinuxStandalone target not found
Native extension for WindowsStandalone target not found
Native extension for OSXStandalone target not found
Refreshing native plugins compatible for Editor in 0.42 ms, found 1 plugins.
Preloading 0 native plugins for Editor in 0.00 ms.
Invoked RoslynAnalysisRunner static constructor.
RoslynAnalysisRunner will not be running.
RoslynAnalysisRunner has terminated.
Mono: successfully reloaded assembly
- Completed reload, in  0.831 seconds
Platform modules already initialized, skipping
Refreshing native plugins compatible for Editor in 0.35 ms, found 1 plugins.
Preloading 0 native plugins for Editor in 0.00 ms.
Unloading 1636 Unused Serialized files (Serialized files now loaded: 0)
System memory in use before: 108.9 MB.
System memory in use after: 109.0 MB.

Unloading 7 unused Assets to reduce memory usage. Loaded Objects now: 2175.
Total: 1.733300 ms (FindLiveObjects: 0.334900 ms CreateObjectMapping: 0.071600 ms MarkObjects: 1.313000 ms  DeleteObjects: 0.012100 ms)

========================================================================
Received Prepare
Registering precompiled user dll's ...
Registered in 0.001228 seconds.
Begin MonoManager ReloadAssembly
Native extension for LinuxStandalone target not found
Native extension for WindowsStandalone target not found
Native extension for OSXStandalone target not found
Refreshing native plugins compatible for Editor in 0.46 ms, found 1 plugins.
Preloading 0 native plugins for Editor in 0.00 ms.
Invoked RoslynAnalysisRunner static constructor.
RoslynAnalysisRunner will not be running.
RoslynAnalysisRunner has terminated.
Mono: successfully reloaded assembly
- Completed reload, in  1.015 seconds
Platform modules already initialized, skipping
Refreshing native plugins compatible for Editor in 0.43 ms, found 1 plugins.
Preloading 0 native plugins for Editor in 0.00 ms.
Unloading 1636 Unused Serialized files (Serialized files now loaded: 0)
System memory in use before: 108.9 MB.
System memory in use after: 109.0 MB.

Unloading 7 unused Assets to reduce memory usage. Loaded Objects now: 2178.
Total: 1.602400 ms (FindLiveObjects: 0.183500 ms CreateObjectMapping: 0.054300 ms MarkObjects: 1.348300 ms  DeleteObjects: 0.015600 ms)

========================================================================
Received Prepare
Registering precompiled user dll's ...
Registered in 0.000884 seconds.
Begin MonoManager ReloadAssembly
Native extension for LinuxStandalone target not found
Native extension for WindowsStandalone target not found
Native extension for OSXStandalone target not found
Refreshing native plugins compatible for Editor in 0.34 ms, found 1 plugins.
Preloading 0 native plugins for Editor in 0.00 ms.
Invoked RoslynAnalysisRunner static constructor.
RoslynAnalysisRunner will not be running.
RoslynAnalysisRunner has terminated.
Mono: successfully reloaded assembly
- Completed reload, in  0.777 seconds
Platform modules already initialized, skipping
Refreshing native plugins compatible for Editor in 0.36 ms, found 1 plugins.
Preloading 0 native plugins for Editor in 0.00 ms.
Unloading 1636 Unused Serialized files (Serialized files now loaded: 0)
System memory in use before: 108.7 MB.
System memory in use after: 108.8 MB.

Unloading 7 unused Assets to reduce memory usage. Loaded Objects now: 2181.
Total: 1.629000 ms (FindLiveObjects: 0.171300 ms CreateObjectMapping: 0.055200 ms MarkObjects: 1.387700 ms  DeleteObjects: 0.013800 ms)

========================================================================
Received Prepare
Registering precompiled user dll's ...
Registered in 0.035757 seconds.
Begin MonoManager ReloadAssembly
Native extension for LinuxStandalone target not found
Native extension for WindowsStandalone target not found
Native extension for OSXStandalone target not found
Refreshing native plugins compatible for Editor in 0.43 ms, found 1 plugins.
Preloading 0 native plugins for Editor in 0.00 ms.
Invoked RoslynAnalysisRunner static constructor.
RoslynAnalysisRunner will not be running.
RoslynAnalysisRunner has terminated.
Mono: successfully reloaded assembly
- Completed reload, in  0.945 seconds
Platform modules already initialized, skipping
Refreshing native plugins compatible for Editor in 0.35 ms, found 1 plugins.
Preloading 0 native plugins for Editor in 0.00 ms.
Unloading 1636 Unused Serialized files (Serialized files now loaded: 0)
System memory in use before: 108.9 MB.
System memory in use after: 109.0 MB.

Unloading 7 unused Assets to reduce memory usage. Loaded Objects now: 2184.
Total: 1.786600 ms (FindLiveObjects: 0.227800 ms CreateObjectMapping: 0.058400 ms MarkObjects: 1.483900 ms  DeleteObjects: 0.015500 ms)

========================================================================
Received Prepare
Registering precompiled user dll's ...
Registered in 0.002302 seconds.
Begin MonoManager ReloadAssembly
Native extension for LinuxStandalone target not found
Native extension for WindowsStandalone target not found
Native extension for OSXStandalone target not found
Refreshing native plugins compatible for Editor in 0.56 ms, found 1 plugins.
Preloading 0 native plugins for Editor in 0.00 ms.
Invoked RoslynAnalysisRunner static constructor.
RoslynAnalysisRunner will not be running.
RoslynAnalysisRunner has terminated.
Mono: successfully reloaded assembly
- Completed reload, in  0.983 seconds
Platform modules already initialized, skipping
Refreshing native plugins compatible for Editor in 0.35 ms, found 1 plugins.
Preloading 0 native plugins for Editor in 0.00 ms.
Unloading 1636 Unused Serialized files (Serialized files now loaded: 0)
System memory in use before: 108.9 MB.
System memory in use after: 109.0 MB.

Unloading 7 unused Assets to reduce memory usage. Loaded Objects now: 2187.
Total: 1.936300 ms (FindLiveObjects: 0.264500 ms CreateObjectMapping: 0.095500 ms MarkObjects: 1.558600 ms  DeleteObjects: 0.016800 ms)

========================================================================
Received Prepare
Registering precompiled user dll's ...
Registered in 0.000939 seconds.
Begin MonoManager ReloadAssembly
Native extension for LinuxStandalone target not found
Native extension for WindowsStandalone target not found
Native extension for OSXStandalone target not found
Refreshing native plugins compatible for Editor in 0.33 ms, found 1 plugins.
Preloading 0 native plugins for Editor in 0.00 ms.
Invoked RoslynAnalysisRunner static constructor.
RoslynAnalysisRunner will not be running.
RoslynAnalysisRunner has terminated.
Mono: successfully reloaded assembly
- Completed reload, in  0.760 seconds
Platform modules already initialized, skipping
Refreshing native plugins compatible for Editor in 0.33 ms, found 1 plugins.
Preloading 0 native plugins for Editor in 0.00 ms.
Unloading 1636 Unused Serialized files (Serialized files now loaded: 0)
System memory in use before: 108.6 MB.
System memory in use after: 108.7 MB.

Unloading 7 unused Assets to reduce memory usage. Loaded Objects now: 2190.
Total: 1.849400 ms (FindLiveObjects: 0.181200 ms CreateObjectMapping: 0.061900 ms MarkObjects: 1.586400 ms  DeleteObjects: 0.018600 ms)

========================================================================
Received Import Request.
  Time since last request: 1165.229285 seconds.
  path: Assets/Warrior Babe
  artifactKey: Guid(63970405ab2791644bb438055a39c108) Importer(815301076,1909f56bfc062723c751e8b465ee728b)
Start importing Assets/Warrior Babe using Guid(63970405ab2791644bb438055a39c108) Importer(815301076,1909f56bfc062723c751e8b465ee728b)  -> (artifact id: '90f24783d1dee7cabfc0ab4769ad6a38') in 0.007916 seconds
  Import took 0.010307 seconds .

========================================================================
Received Import Request.
  Time since last request: 0.004632 seconds.
  path: Assets/Warrior Babe
  artifactKey: Guid(63970405ab2791644bb438055a39c108) Importer(815301076,1909f56bfc062723c751e8b465ee728b)
Start importing Assets/Warrior Babe using Guid(63970405ab2791644bb438055a39c108) Importer(815301076,1909f56bfc062723c751e8b465ee728b)  -> (artifact id: '90f24783d1dee7cabfc0ab4769ad6a38') in 0.002354 seconds
  Import took 0.005080 seconds .

========================================================================
Received Import Request.
  Time since last request: 0.080198 seconds.
  path: Assets/Warrior Babe/Warrior.FBX
  artifactKey: Guid(f95ab82904d151c47a19475fcffa5fd7) Importer(815301076,1909f56bfc062723c751e8b465ee728b)
Start importing Assets/Warrior Babe/Warrior.FBX using Guid(f95ab82904d151c47a19475fcffa5fd7) Importer(815301076,1909f56bfc062723c751e8b465ee728b)  -> (artifact id: '14e8269959fecb46b2a3152a208739bd') in 0.107210 seconds
  Import took 0.109800 seconds .

========================================================================
Received Import Request.
  Time since last request: 3.358554 seconds.
  path: Assets/Warrior Babe/Character
  artifactKey: Guid(eb3979bdd5ab1c14da5a1e6592114a97) Importer(815301076,1909f56bfc062723c751e8b465ee728b)
Start importing Assets/Warrior Babe/Character using Guid(eb3979bdd5ab1c14da5a1e6592114a97) Importer(815301076,1909f56bfc062723c751e8b465ee728b)  -> (artifact id: '5dc8033993de98407515a62f17363c3b') in 0.005679 seconds
  Import took 0.008216 seconds .

========================================================================
Received Import Request.
  Time since last request: 0.009359 seconds.
  path: Assets/Warrior Babe/Character
  artifactKey: Guid(eb3979bdd5ab1c14da5a1e6592114a97) Importer(815301076,1909f56bfc062723c751e8b465ee728b)
Start importing Assets/Warrior Babe/Character using Guid(eb3979bdd5ab1c14da5a1e6592114a97) Importer(815301076,1909f56bfc062723c751e8b465ee728b)  -> (artifact id: '5dc8033993de98407515a62f17363c3b') in 0.002367 seconds
  Import took 0.004659 seconds .

========================================================================
Received Import Request.
  Time since last request: 255.793841 seconds.
  path: Assets/Resources
  artifactKey: Guid(63970405ab2791644bb438055a39c108) Importer(815301076,1909f56bfc062723c751e8b465ee728b)
Start importing Assets/Resources using Guid(63970405ab2791644bb438055a39c108) Importer(815301076,1909f56bfc062723c751e8b465ee728b)  -> (artifact id: '058b962ca5628ab843664b358ff4efe2') in 0.002402 seconds
  Import took 0.005210 seconds .

========================================================================
Received Import Request.
  Time since last request: 24.664670 seconds.
  path: Assets/Resources/Warrior.FBX
  artifactKey: Guid(f95ab82904d151c47a19475fcffa5fd7) Importer(815301076,1909f56bfc062723c751e8b465ee728b)
Start importing Assets/Resources/Warrior.FBX using Guid(f95ab82904d151c47a19475fcffa5fd7) Importer(815301076,1909f56bfc062723c751e8b465ee728b)  -> (artifact id: 'a7e3406e6ea049c7e6f27a0342026116') in 0.043637 seconds
  Import took 0.046928 seconds .

========================================================================
Received Prepare
Registering precompiled user dll's ...
Registered in 0.000936 seconds.
Begin MonoManager ReloadAssembly
Native extension for LinuxStandalone target not found
Native extension for WindowsStandalone target not found
Native extension for OSXStandalone target not found
Refreshing native plugins compatible for Editor in 0.34 ms, found 1 plugins.
Preloading 0 native plugins for Editor in 0.00 ms.
Invoked RoslynAnalysisRunner static constructor.
RoslynAnalysisRunner will not be running.
RoslynAnalysisRunner has terminated.
Mono: successfully reloaded assembly
- Completed reload, in  0.750 seconds
Platform modules already initialized, skipping
Refreshing native plugins compatible for Editor in 0.34 ms, found 1 plugins.
Preloading 0 native plugins for Editor in 0.00 ms.
Unloading 1636 Unused Serialized files (Serialized files now loaded: 0)
System memory in use before: 108.9 MB.
System memory in use after: 109.1 MB.

Unloading 7 unused Assets to reduce memory usage. Loaded Objects now: 2194.
Total: 1.803200 ms (FindLiveObjects: 0.242000 ms CreateObjectMapping: 0.060400 ms MarkObjects: 1.486500 ms  DeleteObjects: 0.013000 ms)

========================================================================
Received Prepare
Refreshing native plugins compatible for Editor in 1.50 ms, found 1 plugins.
Preloading 0 native plugins for Editor in 0.00 ms.
Unloading 5 Unused Serialized files (Serialized files now loaded: 0)
System memory in use before: 76.7 MB.
System memory in use after: 76.8 MB.

Unloading 5 unused Assets to reduce memory usage. Loaded Objects now: 2194.
Total: 2.328100 ms (FindLiveObjects: 0.353000 ms CreateObjectMapping: 0.141400 ms MarkObjects: 1.815600 ms  DeleteObjects: 0.016700 ms)

========================================================================
Received Import Request.
  Time since last request: 121.808393 seconds.
  path: Assets/httpsopen.spotify.comtrack4PnR5NnvH1q7RsyUUop7kbsi=6f91a62a803f48
  artifactKey: Guid(63970405ab2791644bb438055a39c108) Importer(815301076,1909f56bfc062723c751e8b465ee728b)
Start importing Assets/httpsopen.spotify.comtrack4PnR5NnvH1q7RsyUUop7kbsi=6f91a62a803f48 using Guid(63970405ab2791644bb438055a39c108) Importer(815301076,1909f56bfc062723c751e8b465ee728b)  -> (artifact id: '01918bb5a18d1b3dbd084fee1bc341a5') in 0.007376 seconds
  Import took 0.010911 seconds .

========================================================================
Received Import Request.
  Time since last request: 0.001587 seconds.
  path: Assets/httpsopen.spotify.comtrack4PnR5NnvH1q7RsyUUop7kbsi=6f91a62a803f48
  artifactKey: Guid(63970405ab2791644bb438055a39c108) Importer(815301076,1909f56bfc062723c751e8b465ee728b)
Start importing Assets/httpsopen.spotify.comtrack4PnR5NnvH1q7RsyUUop7kbsi=6f91a62a803f48 using Guid(63970405ab2791644bb438055a39c108) Importer(815301076,1909f56bfc062723c751e8b465ee728b)  -> (artifact id: '01918bb5a18d1b3dbd084fee1bc341a5') in 0.002293 seconds
  Import took 0.004636 seconds .

========================================================================
Received Prepare
Registering precompiled user dll's ...
Registered in 0.001053 seconds.
Begin MonoManager ReloadAssembly
Native extension for LinuxStandalone target not found
Native extension for WindowsStandalone target not found
Native extension for OSXStandalone target not found
Refreshing native plugins compatible for Editor in 0.37 ms, found 1 plugins.
Preloading 0 native plugins for Editor in 0.00 ms.
Invoked RoslynAnalysisRunner static constructor.
RoslynAnalysisRunner will not be running.
RoslynAnalysisRunner has terminated.
Mono: successfully reloaded assembly
- Completed reload, in  0.787 seconds
Platform modules already initialized, skipping
Refreshing native plugins compatible for Editor in 0.33 ms, found 1 plugins.
Preloading 0 native plugins for Editor in 0.00 ms.
Unloading 1636 Unused Serialized files (Serialized files now loaded: 0)
System memory in use before: 108.6 MB.
System memory in use after: 108.7 MB.

Unloading 7 unused Assets to reduce memory usage. Loaded Objects now: 2197.
Total: 1.558300 ms (FindLiveObjects: 0.173400 ms CreateObjectMapping: 0.057100 ms MarkObjects: 1.313800 ms  DeleteObjects: 0.013000 ms)

========================================================================
Received Prepare
Registering precompiled user dll's ...
Registered in 0.000902 seconds.
Begin MonoManager ReloadAssembly
Native extension for LinuxStandalone target not found
Native extension for WindowsStandalone target not found
Native extension for OSXStandalone target not found
Refreshing native plugins compatible for Editor in 0.35 ms, found 1 plugins.
Preloading 0 native plugins for Editor in 0.00 ms.
Invoked RoslynAnalysisRunner static constructor.
RoslynAnalysisRunner will not be running.
RoslynAnalysisRunner has terminated.
Mono: successfully reloaded assembly
- Completed reload, in  0.771 seconds
Platform modules already initialized, skipping
Refreshing native plugins compatible for Editor in 0.37 ms, found 1 plugins.
Preloading 0 native plugins for Editor in 0.00 ms.
Unloading 1636 Unused Serialized files (Serialized files now loaded: 0)
System memory in use before: 109.0 MB.
System memory in use after: 109.1 MB.

Unloading 7 unused Assets to reduce memory usage. Loaded Objects now: 2200.
Total: 1.934200 ms (FindLiveObjects: 0.328800 ms CreateObjectMapping: 0.096200 ms MarkObjects: 1.492800 ms  DeleteObjects: 0.015100 ms)

========================================================================
Received Prepare
Registering precompiled user dll's ...
Registered in 0.000937 seconds.
Begin MonoManager ReloadAssembly
Native extension for LinuxStandalone target not found
Native extension for WindowsStandalone target not found
Native extension for OSXStandalone target not found
Refreshing native plugins compatible for Editor in 0.33 ms, found 1 plugins.
Preloading 0 native plugins for Editor in 0.00 ms.
Invoked RoslynAnalysisRunner static constructor.
RoslynAnalysisRunner will not be running.
RoslynAnalysisRunner has terminated.
Mono: successfully reloaded assembly
- Completed reload, in  0.756 seconds
Platform modules already initialized, skipping
Refreshing native plugins compatible for Editor in 0.34 ms, found 1 plugins.
Preloading 0 native plugins for Editor in 0.00 ms.
Unloading 1636 Unused Serialized files (Serialized files now loaded: 0)
System memory in use before: 108.9 MB.
System memory in use after: 109.0 MB.

Unloading 7 unused Assets to reduce memory usage. Loaded Objects now: 2203.
Total: 2.071600 ms (FindLiveObjects: 0.308100 ms CreateObjectMapping: 0.101800 ms MarkObjects: 1.642300 ms  DeleteObjects: 0.018100 ms)

========================================================================
Received Prepare
Registering precompiled user dll's ...
Registered in 0.001532 seconds.
Begin MonoManager ReloadAssembly
Native extension for LinuxStandalone target not found
Native extension for WindowsStandalone target not found
Native extension for OSXStandalone target not found
Refreshing native plugins compatible for Editor in 0.67 ms, found 1 plugins.
Preloading 0 native plugins for Editor in 0.00 ms.
Invoked RoslynAnalysisRunner static constructor.
RoslynAnalysisRunner will not be running.
RoslynAnalysisRunner has terminated.
Mono: successfully reloaded assembly
- Completed reload, in  1.101 seconds
Platform modules already initialized, skipping
Refreshing native plugins compatible for Editor in 0.74 ms, found 1 plugins.
Preloading 0 native plugins for Editor in 0.00 ms.
Unloading 1636 Unused Serialized files (Serialized files now loaded: 0)
System memory in use before: 109.0 MB.
System memory in use after: 109.1 MB.

Unloading 7 unused Assets to reduce memory usage. Loaded Objects now: 2206.
Total: 2.702700 ms (FindLiveObjects: 0.505000 ms CreateObjectMapping: 0.210900 ms MarkObjects: 1.970600 ms  DeleteObjects: 0.015100 ms)

========================================================================
Received Prepare
Registering precompiled user dll's ...
Registered in 0.001022 seconds.
Begin MonoManager ReloadAssembly
Native extension for LinuxStandalone target not found
Native extension for WindowsStandalone target not found
Native extension for OSXStandalone target not found
Refreshing native plugins compatible for Editor in 0.34 ms, found 1 plugins.
Preloading 0 native plugins for Editor in 0.00 ms.
Invoked RoslynAnalysisRunner static constructor.
RoslynAnalysisRunner will not be running.
RoslynAnalysisRunner has terminated.
Mono: successfully reloaded assembly
- Completed reload, in  0.770 seconds
Platform modules already initialized, skipping
Refreshing native plugins compatible for Editor in 0.36 ms, found 1 plugins.
Preloading 0 native plugins for Editor in 0.00 ms.
Unloading 1636 Unused Serialized files (Serialized files now loaded: 0)
System memory in use before: 109.0 MB.
System memory in use after: 109.1 MB.

Unloading 7 unused Assets to reduce memory usage. Loaded Objects now: 2209.
Total: 1.709900 ms (FindLiveObjects: 0.287800 ms CreateObjectMapping: 0.080400 ms MarkObjects: 1.327700 ms  DeleteObjects: 0.013100 ms)

========================================================================
Received Prepare
Registering precompiled user dll's ...
Registered in 0.000887 seconds.
Begin MonoManager ReloadAssembly
Native extension for LinuxStandalone target not found
Native extension for WindowsStandalone target not found
Native extension for OSXStandalone target not found
Refreshing native plugins compatible for Editor in 0.33 ms, found 1 plugins.
Preloading 0 native plugins for Editor in 0.00 ms.
Invoked RoslynAnalysisRunner static constructor.
RoslynAnalysisRunner will not be running.
RoslynAnalysisRunner has terminated.
Mono: successfully reloaded assembly
- Completed reload, in  0.732 seconds
Platform modules already initialized, skipping
Refreshing native plugins compatible for Editor in 0.33 ms, found 1 plugins.
Preloading 0 native plugins for Editor in 0.00 ms.
Unloading 1636 Unused Serialized files (Serialized files now loaded: 0)
System memory in use before: 108.8 MB.
System memory in use after: 108.9 MB.

Unloading 7 unused Assets to reduce memory usage. Loaded Objects now: 2212.
Total: 1.970300 ms (FindLiveObjects: 0.277400 ms CreateObjectMapping: 0.072800 ms MarkObjects: 1.603700 ms  DeleteObjects: 0.014600 ms)

========================================================================
Received Import Request.
  Time since last request: 1041.937852 seconds.
  path: Assets/The Game/Scenes/MainMenu.unity
  artifactKey: Guid(7053760147e2296448be6acec010924c) Importer(815301076,1909f56bfc062723c751e8b465ee728b)
Start importing Assets/The Game/Scenes/MainMenu.unity using Guid(7053760147e2296448be6acec010924c) Importer(815301076,1909f56bfc062723c751e8b465ee728b)  -> (artifact id: 'e95a47664c98be6db29d3edd71a70d5d') in 0.017781 seconds
  Import took 0.020983 seconds .

========================================================================
Received Prepare
Registering precompiled user dll's ...
Registered in 0.000992 seconds.
Begin MonoManager ReloadAssembly
Native extension for LinuxStandalone target not found
Native extension for WindowsStandalone target not found
Native extension for OSXStandalone target not found
Refreshing native plugins compatible for Editor in 0.36 ms, found 1 plugins.
Preloading 0 native plugins for Editor in 0.00 ms.
Invoked RoslynAnalysisRunner static constructor.
RoslynAnalysisRunner will not be running.
RoslynAnalysisRunner has terminated.
Mono: successfully reloaded assembly
- Completed reload, in  0.816 seconds
Platform modules already initialized, skipping
Refreshing native plugins compatible for Editor in 0.35 ms, found 1 plugins.
Preloading 0 native plugins for Editor in 0.00 ms.
Unloading 1636 Unused Serialized files (Serialized files now loaded: 0)
System memory in use before: 109.0 MB.
System memory in use after: 109.1 MB.

Unloading 7 unused Assets to reduce memory usage. Loaded Objects now: 2215.
Total: 1.713100 ms (FindLiveObjects: 0.212600 ms CreateObjectMapping: 0.093500 ms MarkObjects: 1.391500 ms  DeleteObjects: 0.014700 ms)

========================================================================
Received Prepare
Refreshing native plugins compatible for Editor in 1.88 ms, found 1 plugins.
Preloading 0 native plugins for Editor in 0.00 ms.
Unloading 5 Unused Serialized files (Serialized files now loaded: 0)
System memory in use before: 76.8 MB.
System memory in use after: 76.9 MB.

Unloading 5 unused Assets to reduce memory usage. Loaded Objects now: 2215.
Total: 2.509800 ms (FindLiveObjects: 0.489400 ms CreateObjectMapping: 0.147500 ms MarkObjects: 1.850700 ms  DeleteObjects: 0.020000 ms)

========================================================================
Received Prepare
Registering precompiled user dll's ...
Registered in 0.001223 seconds.
Begin MonoManager ReloadAssembly
Native extension for LinuxStandalone target not found
Native extension for WindowsStandalone target not found
Native extension for OSXStandalone target not found
Refreshing native plugins compatible for Editor in 0.48 ms, found 1 plugins.
Preloading 0 native plugins for Editor in 0.00 ms.
Invoked RoslynAnalysisRunner static constructor.
RoslynAnalysisRunner will not be running.
RoslynAnalysisRunner has terminated.
Mono: successfully reloaded assembly
- Completed reload, in  1.171 seconds
Platform modules already initialized, skipping
Refreshing native plugins compatible for Editor in 0.35 ms, found 1 plugins.
Preloading 0 native plugins for Editor in 0.00 ms.
Unloading 1636 Unused Serialized files (Serialized files now loaded: 0)
System memory in use before: 108.7 MB.
System memory in use after: 108.8 MB.

Unloading 7 unused Assets to reduce memory usage. Loaded Objects now: 2218.
Total: 1.615000 ms (FindLiveObjects: 0.193400 ms CreateObjectMapping: 0.050600 ms MarkObjects: 1.357300 ms  DeleteObjects: 0.012300 ms)

