Using pre-set license
Built from '2020.2/release' branch; Version is '2020.2.2f1 (068178b99f32) revision 426360'; Using compiler version '192528614'; Build Type 'Release'
OS: 'Windows 10 Pro; OS build 19042.1052; Version 2009; 64bit' Language: 'en' Physical Memory: 32704 MB
BatchMode: 1, IsHumanControllingUs: 0, StartBugReporterOnCrash: 0, Is64bit: 1, IsPro: 0

 COMMAND LINE ARGUMENTS:
C:\Program Files\Unity\Hub\Editor\2020.2.2f1\Editor\Unity.exe
-adb2
-batchMode
-noUpm
-name
AssetImportWorker2
-projectPath
F:/Unity Projects/Game-Systems-3D
-logFile
Logs/AssetImportWorker2.log
-srvPort
50406
Successfully changed project path to: F:/Unity Projects/Game-Systems-3D
F:/Unity Projects/Game-Systems-3D
Using Asset Import Pipeline V2.
Refreshing native plugins compatible for Editor in 33.23 ms, found 1 plugins.
Preloading 0 native plugins for Editor in 0.00 ms.
Initialize engine version: 2020.2.2f1 (068178b99f32)
[Subsystems] Discovering subsystems at path C:/Program Files/Unity/Hub/Editor/2020.2.2f1/Editor/Data/Resources/UnitySubsystems
[Subsystems] Discovering subsystems at path F:/Unity Projects/Game-Systems-3D/Assets
GfxDevice: creating device client; threaded=0
Direct3D:
    Version:  Direct3D 11.0 [level 11.1]
    Renderer: NVIDIA GeForce RTX 3080 (ID=0x2206)
    Vendor:   
    VRAM:     10078 MB
    Driver:   27.21.14.6611
Initialize mono
Mono path[0] = 'C:/Program Files/Unity/Hub/Editor/2020.2.2f1/Editor/Data/Managed'
Mono path[1] = 'C:/Program Files/Unity/Hub/Editor/2020.2.2f1/Editor/Data/MonoBleedingEdge/lib/mono/unityjit'
Mono config path = 'C:/Program Files/Unity/Hub/Editor/2020.2.2f1/Editor/Data/MonoBleedingEdge/etc'
Using monoOptions --debugger-agent=transport=dt_socket,embedding=1,server=y,suspend=n,address=127.0.0.1:56980
Begin MonoManager ReloadAssembly
Registering precompiled unity dll's ...
Register platform support module: C:/Program Files/Unity/Hub/Editor/2020.2.2f1/Editor/Data/PlaybackEngines/MacStandaloneSupport/UnityEditor.OSXStandalone.Extensions.dll
Register platform support module: C:/Program Files/Unity/Hub/Editor/2020.2.2f1/Editor/Data/PlaybackEngines/WindowsStandaloneSupport/UnityEditor.WindowsStandalone.Extensions.dll
Register platform support module: C:/Program Files/Unity/Hub/Editor/2020.2.2f1/Editor/Data/PlaybackEngines/LinuxStandaloneSupport/UnityEditor.LinuxStandalone.Extensions.dll
Registered in 0.002702 seconds.
Native extension for LinuxStandalone target not found
Native extension for WindowsStandalone target not found
Native extension for OSXStandalone target not found
Refreshing native plugins compatible for Editor in 36.06 ms, found 1 plugins.
Preloading 0 native plugins for Editor in 0.00 ms.
Invoked RoslynAnalysisRunner static constructor.
RoslynAnalysisRunner will not be running.
RoslynAnalysisRunner has terminated.
Mono: successfully reloaded assembly
- Completed reload, in  2.345 seconds
Platform modules already initialized, skipping
Registering precompiled user dll's ...
Registered in 0.000853 seconds.
Begin MonoManager ReloadAssembly
Native extension for LinuxStandalone target not found
Native extension for WindowsStandalone target not found
Native extension for OSXStandalone target not found
Refreshing native plugins compatible for Editor in 0.38 ms, found 1 plugins.
Preloading 0 native plugins for Editor in 0.00 ms.
Invoked RoslynAnalysisRunner static constructor.
RoslynAnalysisRunner will not be running.
RoslynAnalysisRunner has terminated.
Mono: successfully reloaded assembly
- Completed reload, in  0.783 seconds
Platform modules already initialized, skipping
========================================================================
Worker process is ready to serve import requests
Launched and connected shader compiler UnityShaderCompiler.exe after 0.05 seconds
Refreshing native plugins compatible for Editor in 0.34 ms, found 1 plugins.
Preloading 0 native plugins for Editor in 0.00 ms.
Unloading 1654 Unused Serialized files (Serialized files now loaded: 0)
System memory in use before: 95.8 MB.
System memory in use after: 95.9 MB.

Unloading 15 unused Assets to reduce memory usage. Loaded Objects now: 2123.
Total: 1.869200 ms (FindLiveObjects: 0.291900 ms CreateObjectMapping: 0.058500 ms MarkObjects: 1.442600 ms  DeleteObjects: 0.075000 ms)

========================================================================
Received Import Request.
  path: Assets/The Game/Prefab/Panel - Found Quest Items....prefab
  artifactKey: Guid(46b4c76b20e31934580e71ebee85d181) Importer(815301076,1909f56bfc062723c751e8b465ee728b)
Start importing Assets/The Game/Prefab/Panel - Found Quest Items....prefab using Guid(46b4c76b20e31934580e71ebee85d181) Importer(815301076,1909f56bfc062723c751e8b465ee728b)  -> (artifact id: 'bec5bf0be508f975be1a340c66467ffc') in 0.086059 seconds
  Import took 0.088830 seconds .

========================================================================
Received Import Request.
  Time since last request: 0.000183 seconds.
  path: Assets/The Game/Prefab/DialogueManager.prefab
  artifactKey: Guid(92fc8c971b042cd44bf919e38b140475) Importer(815301076,1909f56bfc062723c751e8b465ee728b)
Start importing Assets/The Game/Prefab/DialogueManager.prefab using Guid(92fc8c971b042cd44bf919e38b140475) Importer(815301076,1909f56bfc062723c751e8b465ee728b)  -> (artifact id: '75d279fd6ca68a3ed8c332c7bb59cdef') in 0.017010 seconds
  Import took 0.020916 seconds .

========================================================================
Received Import Request.
  Time since last request: 606.865850 seconds.
  path: Assets/The Game/Prefab/Quest Button Prefab.prefab
  artifactKey: Guid(bd9dd9138a62e564aa3dd7866623b488) Importer(815301076,1909f56bfc062723c751e8b465ee728b)
Start importing Assets/The Game/Prefab/Quest Button Prefab.prefab using Guid(bd9dd9138a62e564aa3dd7866623b488) Importer(815301076,1909f56bfc062723c751e8b465ee728b)  -> (artifact id: 'eee70de454f171afca26f2c13eaa9a47') in 0.003734 seconds
  Import took 0.038471 seconds .

========================================================================
Received Prepare
Registering precompiled user dll's ...
Registered in 0.000863 seconds.
Begin MonoManager ReloadAssembly
Native extension for LinuxStandalone target not found
Native extension for WindowsStandalone target not found
Native extension for OSXStandalone target not found
Refreshing native plugins compatible for Editor in 0.34 ms, found 1 plugins.
Preloading 0 native plugins for Editor in 0.00 ms.
Invoked RoslynAnalysisRunner static constructor.
RoslynAnalysisRunner will not be running.
RoslynAnalysisRunner has terminated.
Mono: successfully reloaded assembly
- Completed reload, in  0.839 seconds
Platform modules already initialized, skipping
Refreshing native plugins compatible for Editor in 0.33 ms, found 1 plugins.
Preloading 0 native plugins for Editor in 0.00 ms.
Unloading 1631 Unused Serialized files (Serialized files now loaded: 0)
System memory in use before: 94.6 MB.
System memory in use after: 94.7 MB.

Unloading 9 unused Assets to reduce memory usage. Loaded Objects now: 2128.
Total: 1.722800 ms (FindLiveObjects: 0.191000 ms CreateObjectMapping: 0.060800 ms MarkObjects: 1.449300 ms  DeleteObjects: 0.020900 ms)

========================================================================
Received Prepare
Registering precompiled user dll's ...
Registered in 0.001136 seconds.
Begin MonoManager ReloadAssembly
Native extension for LinuxStandalone target not found
Native extension for WindowsStandalone target not found
Native extension for OSXStandalone target not found
Refreshing native plugins compatible for Editor in 0.32 ms, found 1 plugins.
Preloading 0 native plugins for Editor in 0.00 ms.
Invoked RoslynAnalysisRunner static constructor.
RoslynAnalysisRunner will not be running.
RoslynAnalysisRunner has terminated.
Mono: successfully reloaded assembly
- Completed reload, in  0.744 seconds
Platform modules already initialized, skipping
Refreshing native plugins compatible for Editor in 0.34 ms, found 1 plugins.
Preloading 0 native plugins for Editor in 0.00 ms.
Unloading 1631 Unused Serialized files (Serialized files now loaded: 0)
System memory in use before: 95.6 MB.
System memory in use after: 95.7 MB.

Unloading 7 unused Assets to reduce memory usage. Loaded Objects now: 2131.
Total: 1.640400 ms (FindLiveObjects: 0.163300 ms CreateObjectMapping: 0.058400 ms MarkObjects: 1.403200 ms  DeleteObjects: 0.014000 ms)

========================================================================
Received Prepare
Registering precompiled user dll's ...
Registered in 0.003730 seconds.
Begin MonoManager ReloadAssembly
Native extension for LinuxStandalone target not found
Native extension for WindowsStandalone target not found
Native extension for OSXStandalone target not found
Refreshing native plugins compatible for Editor in 0.35 ms, found 1 plugins.
Preloading 0 native plugins for Editor in 0.00 ms.
Invoked RoslynAnalysisRunner static constructor.
RoslynAnalysisRunner will not be running.
RoslynAnalysisRunner has terminated.
Mono: successfully reloaded assembly
- Completed reload, in  0.920 seconds
Platform modules already initialized, skipping
Refreshing native plugins compatible for Editor in 0.34 ms, found 1 plugins.
Preloading 0 native plugins for Editor in 0.00 ms.
Unloading 1631 Unused Serialized files (Serialized files now loaded: 0)
System memory in use before: 95.6 MB.
System memory in use after: 95.8 MB.

Unloading 7 unused Assets to reduce memory usage. Loaded Objects now: 2134.
Total: 1.854100 ms (FindLiveObjects: 0.229300 ms CreateObjectMapping: 0.082800 ms MarkObjects: 1.527500 ms  DeleteObjects: 0.013500 ms)

========================================================================
Received Prepare
Registering precompiled user dll's ...
Registered in 0.001121 seconds.
Begin MonoManager ReloadAssembly
Native extension for LinuxStandalone target not found
Native extension for WindowsStandalone target not found
Native extension for OSXStandalone target not found
Refreshing native plugins compatible for Editor in 0.34 ms, found 1 plugins.
Preloading 0 native plugins for Editor in 0.00 ms.
Invoked RoslynAnalysisRunner static constructor.
RoslynAnalysisRunner will not be running.
RoslynAnalysisRunner has terminated.
Mono: successfully reloaded assembly
- Completed reload, in  0.739 seconds
Platform modules already initialized, skipping
Refreshing native plugins compatible for Editor in 0.33 ms, found 1 plugins.
Preloading 0 native plugins for Editor in 0.00 ms.
Unloading 1631 Unused Serialized files (Serialized files now loaded: 0)
System memory in use before: 95.6 MB.
System memory in use after: 95.8 MB.

Unloading 7 unused Assets to reduce memory usage. Loaded Objects now: 2137.
Total: 1.522900 ms (FindLiveObjects: 0.162000 ms CreateObjectMapping: 0.053200 ms MarkObjects: 1.294600 ms  DeleteObjects: 0.012500 ms)

========================================================================
Received Prepare
Registering precompiled user dll's ...
Registered in 0.000994 seconds.
Begin MonoManager ReloadAssembly
Native extension for LinuxStandalone target not found
Native extension for WindowsStandalone target not found
Native extension for OSXStandalone target not found
Refreshing native plugins compatible for Editor in 0.33 ms, found 1 plugins.
Preloading 0 native plugins for Editor in 0.00 ms.
Invoked RoslynAnalysisRunner static constructor.
RoslynAnalysisRunner will not be running.
RoslynAnalysisRunner has terminated.
Mono: successfully reloaded assembly
- Completed reload, in  0.793 seconds
Platform modules already initialized, skipping
Refreshing native plugins compatible for Editor in 0.51 ms, found 1 plugins.
Preloading 0 native plugins for Editor in 0.00 ms.
Unloading 1631 Unused Serialized files (Serialized files now loaded: 0)
System memory in use before: 95.7 MB.
System memory in use after: 95.8 MB.

Unloading 7 unused Assets to reduce memory usage. Loaded Objects now: 2140.
Total: 1.602300 ms (FindLiveObjects: 0.197700 ms CreateObjectMapping: 0.064600 ms MarkObjects: 1.324700 ms  DeleteObjects: 0.013500 ms)

========================================================================
Received Prepare
Registering precompiled user dll's ...
Registered in 0.000879 seconds.
Begin MonoManager ReloadAssembly
Native extension for LinuxStandalone target not found
Native extension for WindowsStandalone target not found
Native extension for OSXStandalone target not found
Refreshing native plugins compatible for Editor in 0.33 ms, found 1 plugins.
Preloading 0 native plugins for Editor in 0.00 ms.
Invoked RoslynAnalysisRunner static constructor.
RoslynAnalysisRunner will not be running.
RoslynAnalysisRunner has terminated.
Mono: successfully reloaded assembly
- Completed reload, in  0.737 seconds
Platform modules already initialized, skipping
Refreshing native plugins compatible for Editor in 0.33 ms, found 1 plugins.
Preloading 0 native plugins for Editor in 0.00 ms.
Unloading 1631 Unused Serialized files (Serialized files now loaded: 0)
System memory in use before: 95.7 MB.
System memory in use after: 95.8 MB.

Unloading 7 unused Assets to reduce memory usage. Loaded Objects now: 2143.
Total: 1.542300 ms (FindLiveObjects: 0.186300 ms CreateObjectMapping: 0.048600 ms MarkObjects: 1.293400 ms  DeleteObjects: 0.013100 ms)

========================================================================
Received Import Request.
  Time since last request: 2059.326356 seconds.
  path: ProjectSettings/TagManager.asset
  artifactKey: Guid(00000000000000003000000000000000) Importer(815301076,1909f56bfc062723c751e8b465ee728b)
Start importing ProjectSettings/TagManager.asset using Guid(00000000000000003000000000000000) Importer(815301076,1909f56bfc062723c751e8b465ee728b)  -> (artifact id: '809c00c43d6544c0ece765d44d99fb19') in 0.023792 seconds
  Import took 0.026692 seconds .

========================================================================
Received Import Request.
  Time since last request: 238.962686 seconds.
  path: Assets/Dependencies/Books/Textures/books.bmp
  artifactKey: Guid(f2f1bd0c786ec5743b8bcc0a2402b6c6) Importer(815301076,1909f56bfc062723c751e8b465ee728b)
Start importing Assets/Dependencies/Books/Textures/books.bmp using Guid(f2f1bd0c786ec5743b8bcc0a2402b6c6) Importer(815301076,1909f56bfc062723c751e8b465ee728b)  -> (artifact id: 'b3c9a1fe2927b734d27c901ec762f861') in 0.066436 seconds
  Import took 0.188116 seconds .

========================================================================
Received Import Request.
  Time since last request: 1.428484 seconds.
  path: Assets/Dependencies/Books/Prefabs/book_0001c.prefab
  artifactKey: Guid(888ce82c0af2ab0499d39c93fb0f4ce4) Importer(815301076,1909f56bfc062723c751e8b465ee728b)
Start importing Assets/Dependencies/Books/Prefabs/book_0001c.prefab using Guid(888ce82c0af2ab0499d39c93fb0f4ce4) Importer(815301076,1909f56bfc062723c751e8b465ee728b)  -> (artifact id: '34c92f0f3a3cdf6dca93211f1844b94d') in 0.048097 seconds
  Import took 0.050556 seconds .

========================================================================
Received Import Request.
  Time since last request: 3.129010 seconds.
  path: Assets/Dependencies/Books/3dobjects_FBX/books.fbx
  artifactKey: Guid(08e091500e68ded43b4abfb1b3f718d0) Importer(815301076,1909f56bfc062723c751e8b465ee728b)
Start importing Assets/Dependencies/Books/3dobjects_FBX/books.fbx using Guid(08e091500e68ded43b4abfb1b3f718d0) Importer(815301076,1909f56bfc062723c751e8b465ee728b)  -> (artifact id: 'ba8ba8e04283e616bbfe407b579a1a7a') in 0.072018 seconds
  Import took 0.183152 seconds .

========================================================================
Received Import Request.
  Time since last request: 1.132077 seconds.
  path: Assets/Dependencies/Books/3dobjects_FBX/Materials
  artifactKey: Guid(77b29326df09434499ce1c173ca26046) Importer(815301076,1909f56bfc062723c751e8b465ee728b)
Start importing Assets/Dependencies/Books/3dobjects_FBX/Materials using Guid(77b29326df09434499ce1c173ca26046) Importer(815301076,1909f56bfc062723c751e8b465ee728b)  -> (artifact id: '4e01d8198f4cb5e091e08768f0ef6b08') in 0.005478 seconds
  Import took 0.099735 seconds .

========================================================================
Received Import Request.
  Time since last request: 0.583306 seconds.
  path: Assets/Dependencies/Books/3dobjects_FBX/Materials/books-book.mat
  artifactKey: Guid(f3d87070dc9fb4246b3a788982ab59e8) Importer(815301076,1909f56bfc062723c751e8b465ee728b)
Start importing Assets/Dependencies/Books/3dobjects_FBX/Materials/books-book.mat using Guid(f3d87070dc9fb4246b3a788982ab59e8) Importer(815301076,1909f56bfc062723c751e8b465ee728b)  -> (artifact id: '6ea5a0d8371f3fa36590ab52baa65dab') in 0.025761 seconds
  Import took 0.028196 seconds .

========================================================================
Received Import Request.
  Time since last request: 0.000226 seconds.
  path: Assets/Dependencies/Books/3dobjects_FBX/Materials/books.mat
  artifactKey: Guid(153061f29d41be9438999ac2fae2c894) Importer(815301076,1909f56bfc062723c751e8b465ee728b)
Start importing Assets/Dependencies/Books/3dobjects_FBX/Materials/books.mat using Guid(153061f29d41be9438999ac2fae2c894) Importer(815301076,1909f56bfc062723c751e8b465ee728b)  -> (artifact id: '828d6a6ec4c09ba2196de2c2ba5827de') in 0.010151 seconds
  Import took 0.012470 seconds .

========================================================================
Received Import Request.
  Time since last request: 79.679955 seconds.
  path: Assets/The Game/UI/InventoryItems/Equipment/storytelling.png
  artifactKey: Guid(7836ab5f61fd6e342b933122403b8ea1) Importer(815301076,1909f56bfc062723c751e8b465ee728b)
Start importing Assets/The Game/UI/InventoryItems/Equipment/storytelling.png using Guid(7836ab5f61fd6e342b933122403b8ea1) Importer(815301076,1909f56bfc062723c751e8b465ee728b)  -> (artifact id: 'defdb1e65b329f9d8043b117f9d83ca7') in 0.016153 seconds
  Import took 0.018655 seconds .

========================================================================
Received Import Request.
  Time since last request: 0.003808 seconds.
  path: Assets/The Game/UI/InventoryItems/Equipment/storytelling.png
  artifactKey: Guid(7836ab5f61fd6e342b933122403b8ea1) Importer(815301076,1909f56bfc062723c751e8b465ee728b)
Start importing Assets/The Game/UI/InventoryItems/Equipment/storytelling.png using Guid(7836ab5f61fd6e342b933122403b8ea1) Importer(815301076,1909f56bfc062723c751e8b465ee728b)  -> (artifact id: 'defdb1e65b329f9d8043b117f9d83ca7') in 0.012328 seconds
  Import took 0.015111 seconds .

========================================================================
Received Import Request.
  Time since last request: 3.183393 seconds.
  path: Assets/The Game/UI/InventoryItems/Equipment/Book.png
  artifactKey: Guid(7836ab5f61fd6e342b933122403b8ea1) Importer(815301076,1909f56bfc062723c751e8b465ee728b)
Start importing Assets/The Game/UI/InventoryItems/Equipment/Book.png using Guid(7836ab5f61fd6e342b933122403b8ea1) Importer(815301076,1909f56bfc062723c751e8b465ee728b)  -> (artifact id: 'aec12b711847fdbd3dae7970eb33e04f') in 0.011556 seconds
  Import took 0.014590 seconds .

========================================================================
Received Import Request.
  Time since last request: 0.009132 seconds.
  path: Assets/The Game/UI/InventoryItems/Equipment/Book.png
  artifactKey: Guid(7836ab5f61fd6e342b933122403b8ea1) Importer(815301076,1909f56bfc062723c751e8b465ee728b)
Start importing Assets/The Game/UI/InventoryItems/Equipment/Book.png using Guid(7836ab5f61fd6e342b933122403b8ea1) Importer(815301076,1909f56bfc062723c751e8b465ee728b)  -> (artifact id: 'aec12b711847fdbd3dae7970eb33e04f') in 0.018431 seconds
  Import took 0.021202 seconds .

========================================================================
Received Import Request.
  Time since last request: 4.681561 seconds.
  path: Assets/The Game/UI/InventoryItems/Equipment/Book.png
  artifactKey: Guid(7836ab5f61fd6e342b933122403b8ea1) Importer(815301076,1909f56bfc062723c751e8b465ee728b)
Start importing Assets/The Game/UI/InventoryItems/Equipment/Book.png using Guid(7836ab5f61fd6e342b933122403b8ea1) Importer(815301076,1909f56bfc062723c751e8b465ee728b)  -> (artifact id: '3f07edb174a37109d3865320793cf088') in 0.021707 seconds
  Import took 0.025207 seconds .

========================================================================
Received Prepare
Registering precompiled user dll's ...
Registered in 0.001118 seconds.
Begin MonoManager ReloadAssembly
Native extension for LinuxStandalone target not found
Native extension for WindowsStandalone target not found
Native extension for OSXStandalone target not found
Refreshing native plugins compatible for Editor in 0.38 ms, found 1 plugins.
Preloading 0 native plugins for Editor in 0.00 ms.
Invoked RoslynAnalysisRunner static constructor.
RoslynAnalysisRunner will not be running.
RoslynAnalysisRunner has terminated.
Mono: successfully reloaded assembly
- Completed reload, in  0.797 seconds
Platform modules already initialized, skipping
Refreshing native plugins compatible for Editor in 0.34 ms, found 1 plugins.
Preloading 0 native plugins for Editor in 0.00 ms.
Unloading 1631 Unused Serialized files (Serialized files now loaded: 0)
System memory in use before: 99.2 MB.
System memory in use after: 99.3 MB.

Unloading 8 unused Assets to reduce memory usage. Loaded Objects now: 2191.
Total: 1.644600 ms (FindLiveObjects: 0.189100 ms CreateObjectMapping: 0.060700 ms MarkObjects: 1.379000 ms  DeleteObjects: 0.014900 ms)

========================================================================
Received Prepare
Registering precompiled user dll's ...
Registered in 0.000920 seconds.
Begin MonoManager ReloadAssembly
Native extension for LinuxStandalone target not found
Native extension for WindowsStandalone target not found
Native extension for OSXStandalone target not found
Refreshing native plugins compatible for Editor in 0.33 ms, found 1 plugins.
Preloading 0 native plugins for Editor in 0.00 ms.
Invoked RoslynAnalysisRunner static constructor.
RoslynAnalysisRunner will not be running.
RoslynAnalysisRunner has terminated.
Mono: successfully reloaded assembly
- Completed reload, in  0.734 seconds
Platform modules already initialized, skipping
Refreshing native plugins compatible for Editor in 0.37 ms, found 1 plugins.
Preloading 0 native plugins for Editor in 0.00 ms.
Unloading 1631 Unused Serialized files (Serialized files now loaded: 0)
System memory in use before: 99.2 MB.
System memory in use after: 99.3 MB.

Unloading 7 unused Assets to reduce memory usage. Loaded Objects now: 2194.
Total: 2.077000 ms (FindLiveObjects: 0.276500 ms CreateObjectMapping: 0.090200 ms MarkObjects: 1.696700 ms  DeleteObjects: 0.012600 ms)

========================================================================
Received Prepare
Registering precompiled user dll's ...
Registered in 0.000930 seconds.
Begin MonoManager ReloadAssembly
Native extension for LinuxStandalone target not found
Native extension for WindowsStandalone target not found
Native extension for OSXStandalone target not found
Refreshing native plugins compatible for Editor in 0.38 ms, found 1 plugins.
Preloading 0 native plugins for Editor in 0.00 ms.
Invoked RoslynAnalysisRunner static constructor.
RoslynAnalysisRunner will not be running.
RoslynAnalysisRunner has terminated.
Mono: successfully reloaded assembly
- Completed reload, in  0.829 seconds
Platform modules already initialized, skipping
Refreshing native plugins compatible for Editor in 0.36 ms, found 1 plugins.
Preloading 0 native plugins for Editor in 0.00 ms.
Unloading 1631 Unused Serialized files (Serialized files now loaded: 0)
System memory in use before: 99.2 MB.
System memory in use after: 99.3 MB.

Unloading 7 unused Assets to reduce memory usage. Loaded Objects now: 2197.
Total: 1.658700 ms (FindLiveObjects: 0.184400 ms CreateObjectMapping: 0.060100 ms MarkObjects: 1.400000 ms  DeleteObjects: 0.012800 ms)

========================================================================
Received Prepare
Registering precompiled user dll's ...
Registered in 0.000931 seconds.
Begin MonoManager ReloadAssembly
Native extension for LinuxStandalone target not found
Native extension for WindowsStandalone target not found
Native extension for OSXStandalone target not found
Refreshing native plugins compatible for Editor in 0.34 ms, found 1 plugins.
Preloading 0 native plugins for Editor in 0.00 ms.
Invoked RoslynAnalysisRunner static constructor.
RoslynAnalysisRunner will not be running.
RoslynAnalysisRunner has terminated.
Mono: successfully reloaded assembly
- Completed reload, in  0.744 seconds
Platform modules already initialized, skipping
Refreshing native plugins compatible for Editor in 0.36 ms, found 1 plugins.
Preloading 0 native plugins for Editor in 0.00 ms.
Unloading 1631 Unused Serialized files (Serialized files now loaded: 0)
System memory in use before: 99.2 MB.
System memory in use after: 99.3 MB.

Unloading 7 unused Assets to reduce memory usage. Loaded Objects now: 2200.
Total: 2.180100 ms (FindLiveObjects: 0.207400 ms CreateObjectMapping: 0.131900 ms MarkObjects: 1.821400 ms  DeleteObjects: 0.017600 ms)

========================================================================
Received Prepare
Registering precompiled user dll's ...
Registered in 0.000919 seconds.
Begin MonoManager ReloadAssembly
Native extension for LinuxStandalone target not found
Native extension for WindowsStandalone target not found
Native extension for OSXStandalone target not found
Refreshing native plugins compatible for Editor in 0.34 ms, found 1 plugins.
Preloading 0 native plugins for Editor in 0.00 ms.
Invoked RoslynAnalysisRunner static constructor.
RoslynAnalysisRunner will not be running.
RoslynAnalysisRunner has terminated.
Mono: successfully reloaded assembly
- Completed reload, in  0.704 seconds
Platform modules already initialized, skipping
Refreshing native plugins compatible for Editor in 0.33 ms, found 1 plugins.
Preloading 0 native plugins for Editor in 0.00 ms.
Unloading 1631 Unused Serialized files (Serialized files now loaded: 0)
System memory in use before: 99.2 MB.
System memory in use after: 99.4 MB.

Unloading 7 unused Assets to reduce memory usage. Loaded Objects now: 2203.
Total: 1.783000 ms (FindLiveObjects: 0.205000 ms CreateObjectMapping: 0.058100 ms MarkObjects: 1.505400 ms  DeleteObjects: 0.013000 ms)

========================================================================
Received Prepare
Registering precompiled user dll's ...
Registered in 0.000906 seconds.
Begin MonoManager ReloadAssembly
Native extension for LinuxStandalone target not found
Native extension for WindowsStandalone target not found
Native extension for OSXStandalone target not found
Refreshing native plugins compatible for Editor in 0.33 ms, found 1 plugins.
Preloading 0 native plugins for Editor in 0.00 ms.
Invoked RoslynAnalysisRunner static constructor.
RoslynAnalysisRunner will not be running.
RoslynAnalysisRunner has terminated.
Mono: successfully reloaded assembly
- Completed reload, in  0.730 seconds
Platform modules already initialized, skipping
Refreshing native plugins compatible for Editor in 0.33 ms, found 1 plugins.
Preloading 0 native plugins for Editor in 0.00 ms.
Unloading 1631 Unused Serialized files (Serialized files now loaded: 0)
System memory in use before: 99.2 MB.
System memory in use after: 99.4 MB.

Unloading 7 unused Assets to reduce memory usage. Loaded Objects now: 2206.
Total: 1.933700 ms (FindLiveObjects: 0.213800 ms CreateObjectMapping: 0.066600 ms MarkObjects: 1.637900 ms  DeleteObjects: 0.014400 ms)

========================================================================
Received Import Request.
  Time since last request: 1537.100107 seconds.
  path: Assets/The Game/UI/InventoryItems/Equipment/Book.png
  artifactKey: Guid(7836ab5f61fd6e342b933122403b8ea1) Importer(815301076,1909f56bfc062723c751e8b465ee728b)
Start importing Assets/The Game/UI/InventoryItems/Equipment/Book.png using Guid(7836ab5f61fd6e342b933122403b8ea1) Importer(815301076,1909f56bfc062723c751e8b465ee728b)  -> (artifact id: 'ec180a6c234272a9ab47ddad7f148be7') in 0.049555 seconds
  Import took 0.052755 seconds .

========================================================================
Received Prepare
Registering precompiled user dll's ...
Registered in 0.001245 seconds.
Begin MonoManager ReloadAssembly
Native extension for LinuxStandalone target not found
Native extension for WindowsStandalone target not found
Native extension for OSXStandalone target not found
Refreshing native plugins compatible for Editor in 0.34 ms, found 1 plugins.
Preloading 0 native plugins for Editor in 0.00 ms.
Invoked RoslynAnalysisRunner static constructor.
RoslynAnalysisRunner will not be running.
RoslynAnalysisRunner has terminated.
Mono: successfully reloaded assembly
- Completed reload, in  0.739 seconds
Platform modules already initialized, skipping
Refreshing native plugins compatible for Editor in 0.38 ms, found 1 plugins.
Preloading 0 native plugins for Editor in 0.00 ms.
Unloading 1631 Unused Serialized files (Serialized files now loaded: 0)
System memory in use before: 99.3 MB.
System memory in use after: 99.4 MB.

Unloading 7 unused Assets to reduce memory usage. Loaded Objects now: 2210.
Total: 2.193000 ms (FindLiveObjects: 0.261400 ms CreateObjectMapping: 0.085600 ms MarkObjects: 1.830500 ms  DeleteObjects: 0.014600 ms)

AssetImportWorkerClient::OnTransportError - code=2 error=End of file
